<?xml version="1.0" encoding="UTF-8"?>
<coverage generated="1775149987545" clover="3.2.0">
  <project timestamp="1775149987545" name="All files">
    <metrics statements="272" coveredstatements="204" conditionals="208" coveredconditionals="159" methods="62" coveredmethods="53" elements="542" coveredelements="416" complexity="0" loc="272" ncloc="272" packages="2" files="3" classes="3"/>
    <package name="AirScript">
      <metrics statements="144" coveredstatements="78" conditionals="74" coveredconditionals="31" methods="22" coveredmethods="13"/>
      <file name="server.js" path="/home/runner/work/AirScript/AirScript/server.js">
        <metrics statements="144" coveredstatements="78" conditionals="74" coveredconditionals="31" methods="22" coveredmethods="13"/>
        <line num="1" count="1" type="stmt"/>
        <line num="2" count="1" type="stmt"/>
        <line num="3" count="1" type="stmt"/>
        <line num="4" count="1" type="stmt"/>
        <line num="5" count="1" type="stmt"/>
        <line num="6" count="1" type="stmt"/>
        <line num="7" count="1" type="stmt"/>
        <line num="8" count="1" type="stmt"/>
        <line num="10" count="1" type="stmt"/>
        <line num="11" count="1" type="cond" truecount="2" falsecount="0"/>
        <line num="12" count="1" type="stmt"/>
        <line num="13" count="1" type="cond" truecount="2" falsecount="0"/>
        <line num="14" count="1" type="stmt"/>
        <line num="15" count="1" type="stmt"/>
        <line num="16" count="1" type="stmt"/>
        <line num="17" count="1" type="stmt"/>
        <line num="18" count="1" type="stmt"/>
        <line num="20" count="1" type="stmt"/>
        <line num="25" count="1" type="stmt"/>
        <line num="27" count="1" type="stmt"/>
        <line num="28" count="1" type="stmt"/>
        <line num="29" count="29" type="stmt"/>
        <line num="30" count="29" type="stmt"/>
        <line num="31" count="29" type="stmt"/>
        <line num="33" count="29" type="cond" truecount="2" falsecount="0"/>
        <line num="34" count="2" type="stmt"/>
        <line num="35" count="2" type="stmt"/>
        <line num="38" count="27" type="stmt"/>
        <line num="40" count="1" type="stmt"/>
        <line num="43" count="29" type="stmt"/>
        <line num="52" count="17" type="cond" truecount="2" falsecount="0"/>
        <line num="53" count="17" type="cond" truecount="2" falsecount="0"/>
        <line num="57" count="14" type="cond" truecount="2" falsecount="0"/>
        <line num="61" count="15" type="stmt"/>
        <line num="62" count="15" type="stmt"/>
        <line num="66" count="18" type="stmt"/>
        <line num="67" count="5" type="stmt"/>
        <line num="72" count="2" type="stmt"/>
        <line num="73" count="2" type="stmt"/>
        <line num="75" count="2" type="stmt"/>
        <line num="76" count="4" type="stmt"/>
        <line num="77" count="4" type="cond" truecount="1" falsecount="1"/>
        <line num="78" count="0" type="stmt"/>
        <line num="82" count="2" type="stmt"/>
        <line num="83" count="4" type="stmt"/>
        <line num="84" count="4" type="cond" truecount="2" falsecount="0"/>
        <line num="85" count="2" type="stmt"/>
        <line num="89" count="0" type="stmt"/>
        <line num="93" count="14" type="cond" truecount="2" falsecount="0"/>
        <line num="94" count="5" type="stmt"/>
        <line num="97" count="9" type="stmt"/>
        <line num="98" count="11" type="cond" truecount="5" falsecount="0"/>
        <line num="99" count="4" type="stmt"/>
        <line num="103" count="5" type="stmt"/>
        <line num="107" count="0" type="stmt"/>
        <line num="108" count="0" type="stmt"/>
        <line num="119" count="0" type="stmt"/>
        <line num="121" count="0" type="stmt"/>
        <line num="122" count="0" type="stmt"/>
        <line num="127" count="0" type="stmt"/>
        <line num="129" count="0" type="cond" truecount="0" falsecount="4"/>
        <line num="130" count="0" type="stmt"/>
        <line num="136" count="0" type="stmt"/>
        <line num="137" count="0" type="stmt"/>
        <line num="138" count="0" type="cond" truecount="0" falsecount="5"/>
        <line num="139" count="0" type="stmt"/>
        <line num="142" count="0" type="stmt"/>
        <line num="152" count="0" type="stmt"/>
        <line num="158" count="0" type="stmt"/>
        <line num="164" count="0" type="stmt"/>
        <line num="168" count="0" type="cond" truecount="0" falsecount="2"/>
        <line num="169" count="0" type="stmt"/>
        <line num="171" count="0" type="stmt"/>
        <line num="172" count="0" type="stmt"/>
        <line num="173" count="0" type="cond" truecount="0" falsecount="4"/>
        <line num="174" count="0" type="stmt"/>
        <line num="178" count="0" type="stmt"/>
        <line num="179" count="0" type="cond" truecount="0" falsecount="4"/>
        <line num="180" count="0" type="stmt"/>
        <line num="183" count="0" type="cond" truecount="0" falsecount="2"/>
        <line num="186" count="0" type="cond" truecount="0" falsecount="2"/>
        <line num="187" count="0" type="stmt"/>
        <line num="188" count="0" type="cond" truecount="0" falsecount="4"/>
        <line num="189" count="0" type="stmt"/>
        <line num="192" count="0" type="cond" truecount="0" falsecount="2"/>
        <line num="195" count="0" type="stmt"/>
        <line num="196" count="0" type="cond" truecount="0" falsecount="4"/>
        <line num="197" count="0" type="stmt"/>
        <line num="200" count="0" type="cond" truecount="0" falsecount="2"/>
        <line num="203" count="1" type="stmt"/>
        <line num="204" count="4" type="stmt"/>
        <line num="205" count="4" type="stmt"/>
        <line num="206" count="4" type="stmt"/>
        <line num="207" count="4" type="stmt"/>
        <line num="209" count="4" type="stmt"/>
        <line num="210" count="4" type="stmt"/>
        <line num="211" count="4" type="stmt"/>
        <line num="213" count="4" type="stmt"/>
        <line num="214" count="0" type="stmt"/>
        <line num="217" count="4" type="stmt"/>
        <line num="218" count="4" type="stmt"/>
        <line num="219" count="4" type="stmt"/>
        <line num="223" count="1" type="stmt"/>
        <line num="224" count="8" type="cond" truecount="2" falsecount="0"/>
        <line num="225" count="8" type="cond" truecount="2" falsecount="0"/>
        <line num="226" count="8" type="stmt"/>
        <line num="227" count="8" type="stmt"/>
        <line num="230" count="1" type="stmt"/>
        <line num="231" count="7" type="cond" truecount="2" falsecount="0"/>
        <line num="232" count="7" type="cond" truecount="2" falsecount="0"/>
        <line num="233" count="7" type="stmt"/>
        <line num="234" count="7" type="stmt"/>
        <line num="237" count="1" type="stmt"/>
        <line num="238" count="8" type="stmt"/>
        <line num="246" count="0" type="stmt"/>
        <line num="247" count="0" type="stmt"/>
        <line num="248" count="0" type="stmt"/>
        <line num="249" count="0" type="stmt"/>
        <line num="250" count="0" type="stmt"/>
        <line num="252" count="0" type="stmt"/>
        <line num="254" count="0" type="stmt"/>
        <line num="255" count="0" type="stmt"/>
        <line num="256" count="0" type="stmt"/>
        <line num="258" count="0" type="stmt"/>
        <line num="261" count="0" type="stmt"/>
        <line num="262" count="0" type="stmt"/>
        <line num="263" count="0" type="cond" truecount="0" falsecount="2"/>
        <line num="266" count="0" type="stmt"/>
        <line num="268" count="0" type="cond" truecount="0" falsecount="2"/>
        <line num="269" count="0" type="stmt"/>
        <line num="270" count="0" type="stmt"/>
        <line num="271" count="0" type="stmt"/>
        <line num="273" count="0" type="stmt"/>
        <line num="276" count="0" type="stmt"/>
        <line num="279" count="0" type="stmt"/>
        <line num="280" count="0" type="cond" truecount="0" falsecount="2"/>
        <line num="281" count="0" type="stmt"/>
        <line num="282" count="0" type="stmt"/>
        <line num="285" count="0" type="stmt"/>
        <line num="290" count="1" type="cond" truecount="1" falsecount="1"/>
        <line num="291" count="0" type="stmt"/>
        <line num="292" count="0" type="stmt"/>
        <line num="293" count="0" type="stmt"/>
        <line num="297" count="1" type="stmt"/>
      </file>
    </package>
    <package name="AirScript.docs.demo">
      <metrics statements="128" coveredstatements="126" conditionals="134" coveredconditionals="128" methods="40" coveredmethods="40"/>
      <file name="app-config.js" path="/home/runner/work/AirScript/AirScript/docs/demo/app-config.js">
        <metrics statements="37" coveredstatements="35" conditionals="92" coveredconditionals="89" methods="11" coveredmethods="11"/>
        <line num="1" count="21" type="stmt"/>
        <line num="2" count="21" type="stmt"/>
        <line num="3" count="21" type="stmt"/>
        <line num="4" count="21" type="cond" truecount="2" falsecount="0"/>
        <line num="7" count="10" type="stmt"/>
        <line num="11" count="7" type="cond" truecount="4" falsecount="0"/>
        <line num="18" count="4" type="cond" truecount="1" falsecount="1"/>
        <line num="19" count="0" type="stmt"/>
        <line num="22" count="4" type="cond" truecount="1" falsecount="1"/>
        <line num="23" count="0" type="stmt"/>
        <line num="26" count="4" type="stmt"/>
        <line num="30" count="34" type="cond" truecount="2" falsecount="0"/>
        <line num="31" count="8" type="stmt"/>
        <line num="34" count="26" type="stmt"/>
        <line num="38" count="7" type="stmt"/>
        <line num="39" count="7" type="stmt"/>
        <line num="40" count="7" type="cond" truecount="2" falsecount="0"/>
        <line num="42" count="1" type="stmt"/>
        <line num="47" count="7" type="stmt"/>
        <line num="48" count="7" type="stmt"/>
        <line num="61" count="7" type="stmt"/>
        <line num="62" count="7" type="stmt"/>
        <line num="63" count="7" type="cond" truecount="3" falsecount="0"/>
        <line num="64" count="7" type="cond" truecount="3" falsecount="0"/>
        <line num="65" count="7" type="cond" truecount="4" falsecount="1"/>
        <line num="67" count="7" type="stmt"/>
        <line num="83" count="11" type="stmt"/>
        <line num="94" count="11" type="stmt"/>
        <line num="96" count="11" type="cond" truecount="2" falsecount="0"/>
        <line num="97" count="1" type="stmt"/>
        <line num="99" count="10" type="stmt"/>
        <line num="104" count="5" type="stmt"/>
        <line num="108" count="5" type="cond" truecount="2" falsecount="0"/>
        <line num="109" count="1" type="stmt"/>
        <line num="112" count="5" type="stmt"/>
        <line num="116" count="3" type="stmt"/>
        <line num="126" count="21" type="stmt"/>
      </file>
      <file name="provider-adapters.js" path="/home/runner/work/AirScript/AirScript/docs/demo/provider-adapters.js">
        <metrics statements="91" coveredstatements="91" conditionals="42" coveredconditionals="39" methods="29" coveredmethods="29"/>
        <line num="1" count="44" type="stmt"/>
        <line num="2" count="44" type="cond" truecount="2" falsecount="0"/>
        <line num="4" count="44" type="stmt"/>
        <line num="18" count="7" type="stmt"/>
        <line num="22" count="7" type="cond" truecount="2" falsecount="0"/>
        <line num="26" count="33" type="cond" truecount="1" falsecount="1"/>
        <line num="28" count="33" type="cond" truecount="2" falsecount="0"/>
        <line num="29" count="21" type="stmt"/>
        <line num="32" count="12" type="stmt"/>
        <line num="36" count="31" type="cond" truecount="2" falsecount="0"/>
        <line num="37" count="1" type="stmt"/>
        <line num="40" count="30" type="stmt"/>
        <line num="41" count="30" type="stmt"/>
        <line num="42" count="30" type="stmt"/>
        <line num="43" count="30" type="cond" truecount="2" falsecount="0"/>
        <line num="45" count="30" type="stmt"/>
        <line num="46" count="2" type="stmt"/>
        <line num="52" count="30" type="stmt"/>
        <line num="53" count="2" type="stmt"/>
        <line num="59" count="30" type="stmt"/>
        <line num="60" count="2" type="stmt"/>
        <line num="63" count="30" type="stmt"/>
        <line num="64" count="17" type="stmt"/>
        <line num="65" count="18" type="stmt"/>
        <line num="70" count="17" type="stmt"/>
        <line num="76" count="30" type="stmt"/>
        <line num="78" count="2" type="stmt"/>
        <line num="81" count="2" type="stmt"/>
        <line num="84" count="2" type="stmt"/>
        <line num="85" count="2" type="stmt"/>
        <line num="86" count="2" type="stmt"/>
        <line num="87" count="2" type="stmt"/>
        <line num="93" count="21" type="cond" truecount="2" falsecount="0"/>
        <line num="94" count="1" type="stmt"/>
        <line num="97" count="20" type="cond" truecount="2" falsecount="0"/>
        <line num="98" count="1" type="stmt"/>
        <line num="103" count="19" type="stmt"/>
        <line num="104" count="19" type="stmt"/>
        <line num="105" count="19" type="stmt"/>
        <line num="107" count="19" type="stmt"/>
        <line num="109" count="1" type="stmt"/>
        <line num="116" count="1" type="stmt"/>
        <line num="117" count="1" type="stmt"/>
        <line num="124" count="1" type="stmt"/>
        <line num="127" count="16" type="stmt"/>
        <line num="128" count="16" type="stmt"/>
        <line num="133" count="19" type="cond" truecount="2" falsecount="0"/>
        <line num="134" count="4" type="stmt"/>
        <line num="135" count="4" type="stmt"/>
        <line num="138" count="19" type="cond" truecount="2" falsecount="0"/>
        <line num="139" count="2" type="stmt"/>
        <line num="140" count="2" type="stmt"/>
        <line num="145" count="16" type="stmt"/>
        <line num="146" count="16" type="stmt"/>
        <line num="148" count="16" type="stmt"/>
        <line num="149" count="12" type="stmt"/>
        <line num="154" count="12" type="stmt"/>
        <line num="155" count="12" type="stmt"/>
        <line num="156" count="12" type="stmt"/>
        <line num="158" count="12" type="stmt"/>
        <line num="159" count="12" type="stmt"/>
        <line num="172" count="9" type="cond" truecount="2" falsecount="0"/>
        <line num="173" count="1" type="stmt"/>
        <line num="176" count="8" type="stmt"/>
        <line num="178" count="8" type="cond" truecount="2" falsecount="0"/>
        <line num="179" count="1" type="stmt"/>
        <line num="182" count="7" type="stmt"/>
        <line num="183" count="7" type="cond" truecount="1" falsecount="1"/>
        <line num="189" count="3" type="cond" truecount="2" falsecount="0"/>
        <line num="190" count="1" type="stmt"/>
        <line num="192" count="2" type="stmt"/>
        <line num="196" count="19" type="stmt"/>
        <line num="198" count="1" type="stmt"/>
        <line num="201" count="1" type="stmt"/>
        <line num="202" count="1" type="stmt"/>
        <line num="205" count="1" type="stmt"/>
        <line num="206" count="1" type="stmt"/>
        <line num="212" count="8" type="cond" truecount="1" falsecount="1"/>
        <line num="213" count="8" type="cond" truecount="2" falsecount="0"/>
        <line num="214" count="7" type="stmt"/>
        <line num="217" count="1" type="stmt"/>
        <line num="221" count="7" type="cond" truecount="2" falsecount="0"/>
        <line num="222" count="2" type="cond" truecount="2" falsecount="0"/>
        <line num="225" count="6" type="stmt"/>
        <line num="226" count="5" type="stmt"/>
        <line num="228" count="5" type="stmt"/>
        <line num="229" count="6" type="stmt"/>
        <line num="232" count="5" type="cond" truecount="4" falsecount="0"/>
        <line num="233" count="4" type="stmt"/>
        <line num="236" count="1" type="stmt"/>
        <line num="239" count="44" type="stmt"/>
      </file>
    </package>
  </project>
</coverage>
