{"/home/runner/work/AirScript/AirScript/server.js": {"path":"/home/runner/work/AirScript/AirScript/server.js","statementMap":{"0":{"start":{"line":1,"column":16},"end":{"line":1,"column":34}},"1":{"start":{"line":2,"column":14},"end":{"line":2,"column":30}},"2":{"start":{"line":3,"column":22},"end":{"line":3,"column":46}},"3":{"start":{"line":4,"column":15},"end":{"line":4,"column":32}},"4":{"start":{"line":5,"column":11},"end":{"line":5,"column":24}},"5":{"start":{"line":6,"column":13},"end":{"line":6,"column":28}},"6":{"start":{"line":7,"column":11},"end":{"line":7,"column":33}},"7":{"start":{"line":8,"column":19},"end":{"line":8,"column":40}},"8":{"start":{"line":10,"column":12},"end":{"line":10,"column":21}},"9":{"start":{"line":11,"column":13},"end":{"line":11,"column":45}},"10":{"start":{"line":12,"column":28},"end":{"line":12,"column":60}},"11":{"start":{"line":13,"column":27},"end":{"line":13,"column":52}},"12":{"start":{"line":14,"column":15},"end":{"line":14,"column":61}},"13":{"start":{"line":15,"column":16},"end":{"line":15,"column":50}},"14":{"start":{"line":16,"column":20},"end":{"line":16,"column":56}},"15":{"start":{"line":17,"column":20},"end":{"line":17,"column":57}},"16":{"start":{"line":18,"column":21},"end":{"line":18,"column":59}},"17":{"start":{"line":20,"column":14},"end":{"line":23,"column":1}},"18":{"start":{"line":25,"column":16},"end":{"line":25,"column":25}},"19":{"start":{"line":27,"column":0},"end":{"line":27,"column":41}},"20":{"start":{"line":28,"column":0},"end":{"line":39,"column":3}},"21":{"start":{"line":29,"column":2},"end":{"line":29,"column":52}},"22":{"start":{"line":30,"column":2},"end":{"line":30,"column":68}},"23":{"start":{"line":31,"column":2},"end":{"line":31,"column":79}},"24":{"start":{"line":33,"column":2},"end":{"line":36,"column":3}},"25":{"start":{"line":34,"column":4},"end":{"line":34,"column":24}},"26":{"start":{"line":35,"column":4},"end":{"line":35,"column":11}},"27":{"start":{"line":38,"column":2},"end":{"line":38,"column":9}},"28":{"start":{"line":40,"column":0},"end":{"line":40,"column":54}},"29":{"start":{"line":43,"column":2},"end":{"line":48,"column":28}},"30":{"start":{"line":52,"column":19},"end":{"line":52,"column":41}},"31":{"start":{"line":53,"column":2},"end":{"line":53,"column":104}},"32":{"start":{"line":57,"column":2},"end":{"line":57,"column":96}},"33":{"start":{"line":61,"column":2},"end":{"line":61,"column":42}},"34":{"start":{"line":62,"column":2},"end":{"line":62,"column":38}},"35":{"start":{"line":66,"column":2},"end":{"line":68,"column":3}},"36":{"start":{"line":67,"column":4},"end":{"line":67,"column":42}},"37":{"start":{"line":72,"column":21},"end":{"line":72,"column":43}},"38":{"start":{"line":73,"column":20},"end":{"line":73,"column":34}},"39":{"start":{"line":75,"column":2},"end":{"line":80,"column":3}},"40":{"start":{"line":76,"column":22},"end":{"line":76,"column":58}},"41":{"start":{"line":77,"column":4},"end":{"line":79,"column":5}},"42":{"start":{"line":78,"column":6},"end":{"line":78,"column":23}},"43":{"start":{"line":82,"column":2},"end":{"line":87,"column":3}},"44":{"start":{"line":83,"column":22},"end":{"line":83,"column":47}},"45":{"start":{"line":84,"column":4},"end":{"line":86,"column":5}},"46":{"start":{"line":85,"column":6},"end":{"line":85,"column":23}},"47":{"start":{"line":89,"column":2},"end":{"line":89,"column":21}},"48":{"start":{"line":93,"column":2},"end":{"line":95,"column":3}},"49":{"start":{"line":94,"column":4},"end":{"line":94,"column":16}},"50":{"start":{"line":97,"column":2},"end":{"line":101,"column":3}},"51":{"start":{"line":98,"column":4},"end":{"line":100,"column":5}},"52":{"start":{"line":99,"column":6},"end":{"line":99,"column":27}},"53":{"start":{"line":103,"column":2},"end":{"line":103,"column":14}},"54":{"start":{"line":107,"column":2},"end":{"line":107,"column":60}},"55":{"start":{"line":108,"column":2},"end":{"line":115,"column":5}},"56":{"start":{"line":119,"column":2},"end":{"line":119,"column":47}},"57":{"start":{"line":121,"column":2},"end":{"line":134,"column":3}},"58":{"start":{"line":122,"column":33},"end":{"line":126,"column":6}},"59":{"start":{"line":127,"column":17},"end":{"line":127,"column":36}},"60":{"start":{"line":129,"column":4},"end":{"line":131,"column":5}},"61":{"start":{"line":130,"column":6},"end":{"line":130,"column":41}},"62":{"start":{"line":136,"column":21},"end":{"line":136,"column":86}},"63":{"start":{"line":137,"column":17},"end":{"line":137,"column":30}},"64":{"start":{"line":138,"column":2},"end":{"line":140,"column":3}},"65":{"start":{"line":139,"column":4},"end":{"line":139,"column":25}},"66":{"start":{"line":142,"column":15},"end":{"line":156,"column":4}},"67":{"start":{"line":152,"column":33},"end":{"line":152,"column":48}},"68":{"start":{"line":158,"column":2},"end":{"line":162,"column":5}},"69":{"start":{"line":164,"column":2},"end":{"line":164,"column":63}},"70":{"start":{"line":168,"column":2},"end":{"line":184,"column":3}},"71":{"start":{"line":169,"column":23},"end":{"line":169,"column":94}},"72":{"start":{"line":171,"column":4},"end":{"line":176,"column":5}},"73":{"start":{"line":172,"column":21},"end":{"line":172,"column":81}},"74":{"start":{"line":173,"column":6},"end":{"line":175,"column":7}},"75":{"start":{"line":174,"column":8},"end":{"line":174,"column":23}},"76":{"start":{"line":178,"column":21},"end":{"line":178,"column":66}},"77":{"start":{"line":179,"column":4},"end":{"line":181,"column":5}},"78":{"start":{"line":180,"column":6},"end":{"line":180,"column":31}},"79":{"start":{"line":183,"column":4},"end":{"line":183,"column":61}},"80":{"start":{"line":186,"column":2},"end":{"line":193,"column":3}},"81":{"start":{"line":187,"column":19},"end":{"line":187,"column":82}},"82":{"start":{"line":188,"column":4},"end":{"line":190,"column":5}},"83":{"start":{"line":189,"column":6},"end":{"line":189,"column":31}},"84":{"start":{"line":192,"column":4},"end":{"line":192,"column":60}},"85":{"start":{"line":195,"column":17},"end":{"line":195,"column":66}},"86":{"start":{"line":196,"column":2},"end":{"line":198,"column":3}},"87":{"start":{"line":197,"column":4},"end":{"line":197,"column":29}},"88":{"start":{"line":200,"column":2},"end":{"line":200,"column":53}},"89":{"start":{"line":203,"column":0},"end":{"line":221,"column":3}},"90":{"start":{"line":204,"column":2},"end":{"line":204,"column":53}},"91":{"start":{"line":205,"column":2},"end":{"line":205,"column":59}},"92":{"start":{"line":206,"column":2},"end":{"line":206,"column":44}},"93":{"start":{"line":207,"column":2},"end":{"line":207,"column":21}},"94":{"start":{"line":209,"column":2},"end":{"line":209,"column":19}},"95":{"start":{"line":210,"column":2},"end":{"line":210,"column":74}},"96":{"start":{"line":211,"column":2},"end":{"line":211,"column":72}},"97":{"start":{"line":213,"column":20},"end":{"line":215,"column":11}},"98":{"start":{"line":214,"column":4},"end":{"line":214,"column":34}},"99":{"start":{"line":217,"column":2},"end":{"line":220,"column":5}},"100":{"start":{"line":218,"column":4},"end":{"line":218,"column":29}},"101":{"start":{"line":219,"column":4},"end":{"line":219,"column":24}},"102":{"start":{"line":223,"column":0},"end":{"line":228,"column":3}},"103":{"start":{"line":224,"column":15},"end":{"line":224,"column":77}},"104":{"start":{"line":225,"column":2},"end":{"line":225,"column":51}},"105":{"start":{"line":226,"column":2},"end":{"line":226,"column":66}},"106":{"start":{"line":227,"column":2},"end":{"line":227,"column":22}},"107":{"start":{"line":230,"column":0},"end":{"line":235,"column":3}},"108":{"start":{"line":231,"column":15},"end":{"line":231,"column":77}},"109":{"start":{"line":232,"column":2},"end":{"line":232,"column":100}},"110":{"start":{"line":233,"column":2},"end":{"line":233,"column":64}},"111":{"start":{"line":234,"column":2},"end":{"line":234,"column":22}},"112":{"start":{"line":237,"column":0},"end":{"line":243,"column":3}},"113":{"start":{"line":238,"column":2},"end":{"line":242,"column":5}},"114":{"start":{"line":246,"column":18},"end":{"line":246,"column":30}},"115":{"start":{"line":247,"column":22},"end":{"line":247,"column":59}},"116":{"start":{"line":248,"column":14},"end":{"line":248,"column":42}},"117":{"start":{"line":249,"column":18},"end":{"line":249,"column":32}},"118":{"start":{"line":250,"column":21},"end":{"line":250,"column":45}},"119":{"start":{"line":252,"column":17},"end":{"line":252,"column":90}},"120":{"start":{"line":254,"column":2},"end":{"line":287,"column":5}},"121":{"start":{"line":255,"column":4},"end":{"line":259,"column":5}},"122":{"start":{"line":256,"column":6},"end":{"line":256,"column":33}},"123":{"start":{"line":258,"column":6},"end":{"line":258,"column":55}},"124":{"start":{"line":261,"column":4},"end":{"line":261,"column":62}},"125":{"start":{"line":262,"column":4},"end":{"line":262,"column":51}},"126":{"start":{"line":263,"column":4},"end":{"line":265,"column":67}},"127":{"start":{"line":266,"column":4},"end":{"line":266,"column":154}},"128":{"start":{"line":268,"column":4},"end":{"line":277,"column":5}},"129":{"start":{"line":269,"column":6},"end":{"line":274,"column":7}},"130":{"start":{"line":270,"column":27},"end":{"line":270,"column":50}},"131":{"start":{"line":271,"column":8},"end":{"line":271,"column":75}},"132":{"start":{"line":273,"column":8},"end":{"line":273,"column":79}},"133":{"start":{"line":276,"column":6},"end":{"line":276,"column":79}},"134":{"start":{"line":279,"column":4},"end":{"line":286,"column":7}},"135":{"start":{"line":280,"column":6},"end":{"line":283,"column":7}},"136":{"start":{"line":281,"column":8},"end":{"line":281,"column":57}},"137":{"start":{"line":282,"column":8},"end":{"line":282,"column":15}},"138":{"start":{"line":285,"column":6},"end":{"line":285,"column":26}},"139":{"start":{"line":290,"column":0},"end":{"line":295,"column":1}},"140":{"start":{"line":291,"column":2},"end":{"line":294,"column":5}},"141":{"start":{"line":292,"column":4},"end":{"line":292,"column":25}},"142":{"start":{"line":293,"column":4},"end":{"line":293,"column":20}},"143":{"start":{"line":297,"column":0},"end":{"line":308,"column":2}}},"fnMap":{"0":{"name":"(anonymous_0)","decl":{"start":{"line":28,"column":8},"end":{"line":28,"column":9}},"loc":{"start":{"line":28,"column":28},"end":{"line":39,"column":1}},"line":28},"1":{"name":"escapeHtml","decl":{"start":{"line":42,"column":9},"end":{"line":42,"column":19}},"loc":{"start":{"line":42,"column":27},"end":{"line":49,"column":1}},"line":42},"2":{"name":"formatCaptionMarkup","decl":{"start":{"line":51,"column":9},"end":{"line":51,"column":28}},"loc":{"start":{"line":51,"column":35},"end":{"line":54,"column":1}},"line":51},"3":{"name":"formatSlideMarkup","decl":{"start":{"line":56,"column":9},"end":{"line":56,"column":26}},"loc":{"start":{"line":56,"column":33},"end":{"line":58,"column":1}},"line":56},"4":{"name":"sendSseEvent","decl":{"start":{"line":60,"column":9},"end":{"line":60,"column":21}},"loc":{"start":{"line":60,"column":49},"end":{"line":63,"column":1}},"line":60},"5":{"name":"broadcast","decl":{"start":{"line":65,"column":9},"end":{"line":65,"column":18}},"loc":{"start":{"line":65,"column":36},"end":{"line":69,"column":1}},"line":65},"6":{"name":"getLocalIP","decl":{"start":{"line":71,"column":9},"end":{"line":71,"column":19}},"loc":{"start":{"line":71,"column":22},"end":{"line":90,"column":1}},"line":71},"7":{"name":"pickExternalIPv4","decl":{"start":{"line":92,"column":9},"end":{"line":92,"column":25}},"loc":{"start":{"line":92,"column":35},"end":{"line":104,"column":1}},"line":92},"8":{"name":"writeQrCode","decl":{"start":{"line":106,"column":15},"end":{"line":106,"column":26}},"loc":{"start":{"line":106,"column":32},"end":{"line":116,"column":1}},"line":106},"9":{"name":"ensureHttpsCredentials","decl":{"start":{"line":118,"column":15},"end":{"line":118,"column":37}},"loc":{"start":{"line":118,"column":47},"end":{"line":165,"column":1}},"line":118},"10":{"name":"(anonymous_10)","decl":{"start":{"line":152,"column":24},"end":{"line":152,"column":25}},"loc":{"start":{"line":152,"column":33},"end":{"line":152,"column":48}},"line":152},"11":{"name":"openBrowser","decl":{"start":{"line":167,"column":9},"end":{"line":167,"column":20}},"loc":{"start":{"line":167,"column":26},"end":{"line":201,"column":1}},"line":167},"12":{"name":"(anonymous_12)","decl":{"start":{"line":203,"column":19},"end":{"line":203,"column":20}},"loc":{"start":{"line":203,"column":33},"end":{"line":221,"column":1}},"line":203},"13":{"name":"(anonymous_13)","decl":{"start":{"line":213,"column":32},"end":{"line":213,"column":33}},"loc":{"start":{"line":213,"column":38},"end":{"line":215,"column":3}},"line":213},"14":{"name":"(anonymous_14)","decl":{"start":{"line":217,"column":18},"end":{"line":217,"column":19}},"loc":{"start":{"line":217,"column":24},"end":{"line":220,"column":3}},"line":217},"15":{"name":"(anonymous_15)","decl":{"start":{"line":223,"column":20},"end":{"line":223,"column":21}},"loc":{"start":{"line":223,"column":34},"end":{"line":228,"column":1}},"line":223},"16":{"name":"(anonymous_16)","decl":{"start":{"line":230,"column":20},"end":{"line":230,"column":21}},"loc":{"start":{"line":230,"column":34},"end":{"line":235,"column":1}},"line":230},"17":{"name":"(anonymous_17)","decl":{"start":{"line":237,"column":19},"end":{"line":237,"column":20}},"loc":{"start":{"line":237,"column":33},"end":{"line":243,"column":1}},"line":237},"18":{"name":"start","decl":{"start":{"line":245,"column":15},"end":{"line":245,"column":20}},"loc":{"start":{"line":245,"column":23},"end":{"line":288,"column":1}},"line":245},"19":{"name":"(anonymous_19)","decl":{"start":{"line":254,"column":33},"end":{"line":254,"column":34}},"loc":{"start":{"line":254,"column":45},"end":{"line":287,"column":3}},"line":254},"20":{"name":"(anonymous_20)","decl":{"start":{"line":279,"column":64},"end":{"line":279,"column":65}},"loc":{"start":{"line":279,"column":83},"end":{"line":286,"column":5}},"line":279},"21":{"name":"(anonymous_21)","decl":{"start":{"line":291,"column":16},"end":{"line":291,"column":17}},"loc":{"start":{"line":291,"column":27},"end":{"line":294,"column":3}},"line":291}},"branchMap":{"0":{"loc":{"start":{"line":11,"column":13},"end":{"line":11,"column":45}},"type":"binary-expr","locations":[{"start":{"line":11,"column":13},"end":{"line":11,"column":37}},{"start":{"line":11,"column":41},"end":{"line":11,"column":45}}],"line":11},"1":{"loc":{"start":{"line":13,"column":27},"end":{"line":13,"column":52}},"type":"binary-expr","locations":[{"start":{"line":13,"column":27},"end":{"line":13,"column":46}},{"start":{"line":13,"column":50},"end":{"line":13,"column":52}}],"line":13},"2":{"loc":{"start":{"line":33,"column":2},"end":{"line":36,"column":3}},"type":"if","locations":[{"start":{"line":33,"column":2},"end":{"line":36,"column":3}},{"start":{},"end":{}}],"line":33},"3":{"loc":{"start":{"line":52,"column":30},"end":{"line":52,"column":40}},"type":"binary-expr","locations":[{"start":{"line":52,"column":30},"end":{"line":52,"column":34}},{"start":{"line":52,"column":38},"end":{"line":52,"column":40}}],"line":52},"4":{"loc":{"start":{"line":53,"column":59},"end":{"line":53,"column":95}},"type":"binary-expr","locations":[{"start":{"line":53,"column":59},"end":{"line":53,"column":67}},{"start":{"line":53,"column":71},"end":{"line":53,"column":95}}],"line":53},"5":{"loc":{"start":{"line":57,"column":64},"end":{"line":57,"column":87}},"type":"binary-expr","locations":[{"start":{"line":57,"column":64},"end":{"line":57,"column":68}},{"start":{"line":57,"column":72},"end":{"line":57,"column":87}}],"line":57},"6":{"loc":{"start":{"line":77,"column":4},"end":{"line":79,"column":5}},"type":"if","locations":[{"start":{"line":77,"column":4},"end":{"line":79,"column":5}},{"start":{},"end":{}}],"line":77},"7":{"loc":{"start":{"line":84,"column":4},"end":{"line":86,"column":5}},"type":"if","locations":[{"start":{"line":84,"column":4},"end":{"line":86,"column":5}},{"start":{},"end":{}}],"line":84},"8":{"loc":{"start":{"line":93,"column":2},"end":{"line":95,"column":3}},"type":"if","locations":[{"start":{"line":93,"column":2},"end":{"line":95,"column":3}},{"start":{},"end":{}}],"line":93},"9":{"loc":{"start":{"line":98,"column":4},"end":{"line":100,"column":5}},"type":"if","locations":[{"start":{"line":98,"column":4},"end":{"line":100,"column":5}},{"start":{},"end":{}}],"line":98},"10":{"loc":{"start":{"line":98,"column":8},"end":{"line":98,"column":59}},"type":"binary-expr","locations":[{"start":{"line":98,"column":8},"end":{"line":98,"column":13}},{"start":{"line":98,"column":17},"end":{"line":98,"column":40}},{"start":{"line":98,"column":44},"end":{"line":98,"column":59}}],"line":98},"11":{"loc":{"start":{"line":129,"column":4},"end":{"line":131,"column":5}},"type":"if","locations":[{"start":{"line":129,"column":4},"end":{"line":131,"column":5}},{"start":{},"end":{}}],"line":129},"12":{"loc":{"start":{"line":129,"column":8},"end":{"line":129,"column":67}},"type":"binary-expr","locations":[{"start":{"line":129,"column":8},"end":{"line":129,"column":34}},{"start":{"line":129,"column":38},"end":{"line":129,"column":67}}],"line":129},"13":{"loc":{"start":{"line":138,"column":2},"end":{"line":140,"column":3}},"type":"if","locations":[{"start":{"line":138,"column":2},"end":{"line":140,"column":3}},{"start":{},"end":{}}],"line":138},"14":{"loc":{"start":{"line":138,"column":6},"end":{"line":138,"column":69}},"type":"binary-expr","locations":[{"start":{"line":138,"column":6},"end":{"line":138,"column":13}},{"start":{"line":138,"column":17},"end":{"line":138,"column":40}},{"start":{"line":138,"column":44},"end":{"line":138,"column":69}}],"line":138},"15":{"loc":{"start":{"line":168,"column":2},"end":{"line":184,"column":3}},"type":"if","locations":[{"start":{"line":168,"column":2},"end":{"line":184,"column":3}},{"start":{},"end":{}}],"line":168},"16":{"loc":{"start":{"line":173,"column":6},"end":{"line":175,"column":7}},"type":"if","locations":[{"start":{"line":173,"column":6},"end":{"line":175,"column":7}},{"start":{},"end":{}}],"line":173},"17":{"loc":{"start":{"line":173,"column":10},"end":{"line":173,"column":46}},"type":"binary-expr","locations":[{"start":{"line":173,"column":10},"end":{"line":173,"column":23}},{"start":{"line":173,"column":27},"end":{"line":173,"column":46}}],"line":173},"18":{"loc":{"start":{"line":179,"column":4},"end":{"line":181,"column":5}},"type":"if","locations":[{"start":{"line":179,"column":4},"end":{"line":181,"column":5}},{"start":{},"end":{}}],"line":179},"19":{"loc":{"start":{"line":179,"column":8},"end":{"line":179,"column":48}},"type":"binary-expr","locations":[{"start":{"line":179,"column":8},"end":{"line":179,"column":23}},{"start":{"line":179,"column":27},"end":{"line":179,"column":48}}],"line":179},"20":{"loc":{"start":{"line":183,"column":10},"end":{"line":183,"column":60}},"type":"binary-expr","locations":[{"start":{"line":183,"column":10},"end":{"line":183,"column":24}},{"start":{"line":183,"column":28},"end":{"line":183,"column":60}}],"line":183},"21":{"loc":{"start":{"line":186,"column":2},"end":{"line":193,"column":3}},"type":"if","locations":[{"start":{"line":186,"column":2},"end":{"line":193,"column":3}},{"start":{},"end":{}}],"line":186},"22":{"loc":{"start":{"line":188,"column":4},"end":{"line":190,"column":5}},"type":"if","locations":[{"start":{"line":188,"column":4},"end":{"line":190,"column":5}},{"start":{},"end":{}}],"line":188},"23":{"loc":{"start":{"line":188,"column":8},"end":{"line":188,"column":44}},"type":"binary-expr","locations":[{"start":{"line":188,"column":8},"end":{"line":188,"column":21}},{"start":{"line":188,"column":25},"end":{"line":188,"column":44}}],"line":188},"24":{"loc":{"start":{"line":192,"column":10},"end":{"line":192,"column":59}},"type":"binary-expr","locations":[{"start":{"line":192,"column":10},"end":{"line":192,"column":22}},{"start":{"line":192,"column":26},"end":{"line":192,"column":59}}],"line":192},"25":{"loc":{"start":{"line":196,"column":2},"end":{"line":198,"column":3}},"type":"if","locations":[{"start":{"line":196,"column":2},"end":{"line":198,"column":3}},{"start":{},"end":{}}],"line":196},"26":{"loc":{"start":{"line":196,"column":6},"end":{"line":196,"column":42}},"type":"binary-expr","locations":[{"start":{"line":196,"column":6},"end":{"line":196,"column":19}},{"start":{"line":196,"column":23},"end":{"line":196,"column":42}}],"line":196},"27":{"loc":{"start":{"line":200,"column":8},"end":{"line":200,"column":52}},"type":"binary-expr","locations":[{"start":{"line":200,"column":8},"end":{"line":200,"column":20}},{"start":{"line":200,"column":24},"end":{"line":200,"column":52}}],"line":200},"28":{"loc":{"start":{"line":224,"column":15},"end":{"line":224,"column":77}},"type":"cond-expr","locations":[{"start":{"line":224,"column":52},"end":{"line":224,"column":72}},{"start":{"line":224,"column":75},"end":{"line":224,"column":77}}],"line":224},"29":{"loc":{"start":{"line":225,"column":18},"end":{"line":225,"column":50}},"type":"binary-expr","locations":[{"start":{"line":225,"column":18},"end":{"line":225,"column":22}},{"start":{"line":225,"column":26},"end":{"line":225,"column":50}}],"line":225},"30":{"loc":{"start":{"line":231,"column":15},"end":{"line":231,"column":77}},"type":"cond-expr","locations":[{"start":{"line":231,"column":52},"end":{"line":231,"column":72}},{"start":{"line":231,"column":75},"end":{"line":231,"column":77}}],"line":231},"31":{"loc":{"start":{"line":232,"column":20},"end":{"line":232,"column":99}},"type":"binary-expr","locations":[{"start":{"line":232,"column":20},"end":{"line":232,"column":24}},{"start":{"line":232,"column":28},"end":{"line":232,"column":99}}],"line":232},"32":{"loc":{"start":{"line":263,"column":16},"end":{"line":265,"column":65}},"type":"cond-expr","locations":[{"start":{"line":264,"column":8},"end":{"line":264,"column":68}},{"start":{"line":265,"column":8},"end":{"line":265,"column":65}}],"line":263},"33":{"loc":{"start":{"line":268,"column":4},"end":{"line":277,"column":5}},"type":"if","locations":[{"start":{"line":268,"column":4},"end":{"line":277,"column":5}},{"start":{"line":275,"column":11},"end":{"line":277,"column":5}}],"line":268},"34":{"loc":{"start":{"line":280,"column":6},"end":{"line":283,"column":7}},"type":"if","locations":[{"start":{"line":280,"column":6},"end":{"line":283,"column":7}},{"start":{},"end":{}}],"line":280},"35":{"loc":{"start":{"line":290,"column":0},"end":{"line":295,"column":1}},"type":"if","locations":[{"start":{"line":290,"column":0},"end":{"line":295,"column":1}},{"start":{},"end":{}}],"line":290}},"s":{"0":1,"1":1,"2":1,"3":1,"4":1,"5":1,"6":1,"7":1,"8":1,"9":1,"10":1,"11":1,"12":1,"13":1,"14":1,"15":1,"16":1,"17":1,"18":1,"19":1,"20":1,"21":29,"22":29,"23":29,"24":29,"25":2,"26":2,"27":27,"28":1,"29":29,"30":17,"31":17,"32":14,"33":15,"34":15,"35":18,"36":5,"37":2,"38":2,"39":2,"40":4,"41":4,"42":0,"43":2,"44":4,"45":4,"46":2,"47":0,"48":14,"49":5,"50":9,"51":11,"52":4,"53":5,"54":0,"55":0,"56":0,"57":0,"58":0,"59":0,"60":0,"61":0,"62":0,"63":0,"64":0,"65":0,"66":0,"67":0,"68":0,"69":0,"70":0,"71":0,"72":0,"73":0,"74":0,"75":0,"76":0,"77":0,"78":0,"79":0,"80":0,"81":0,"82":0,"83":0,"84":0,"85":0,"86":0,"87":0,"88":0,"89":1,"90":4,"91":4,"92":4,"93":4,"94":4,"95":4,"96":4,"97":4,"98":0,"99":4,"100":4,"101":4,"102":1,"103":8,"104":8,"105":8,"106":8,"107":1,"108":7,"109":7,"110":7,"111":7,"112":1,"113":8,"114":0,"115":0,"116":0,"117":0,"118":0,"119":0,"120":0,"121":0,"122":0,"123":0,"124":0,"125":0,"126":0,"127":0,"128":0,"129":0,"130":0,"131":0,"132":0,"133":0,"134":0,"135":0,"136":0,"137":0,"138":0,"139":1,"140":0,"141":0,"142":0,"143":1},"f":{"0":29,"1":29,"2":17,"3":14,"4":15,"5":18,"6":2,"7":14,"8":0,"9":0,"10":0,"11":0,"12":4,"13":0,"14":4,"15":8,"16":7,"17":8,"18":0,"19":0,"20":0,"21":0},"b":{"0":[1,1],"1":[1,1],"2":[2,27],"3":[17,2],"4":[17,2],"5":[14,1],"6":[0,4],"7":[2,2],"8":[5,9],"9":[4,7],"10":[11,11,8],"11":[0,0],"12":[0,0],"13":[0,0],"14":[0,0,0],"15":[0,0],"16":[0,0],"17":[0,0],"18":[0,0],"19":[0,0],"20":[0,0],"21":[0,0],"22":[0,0],"23":[0,0],"24":[0,0],"25":[0,0],"26":[0,0],"27":[0,0],"28":[6,2],"29":[8,4],"30":[5,2],"31":[7,3],"32":[0,0],"33":[0,0],"34":[0,0],"35":[0,1]},"_coverageSchema":"1a1c01bbd47fc00a2c39e90264f33305004495a9","hash":"0050d9768b0577badc97a6c3f380ae6145e99065"}
,"/home/runner/work/AirScript/AirScript/docs/demo/app-config.js": {"path":"/home/runner/work/AirScript/AirScript/docs/demo/app-config.js","statementMap":{"0":{"start":{"line":1,"column":0},"end":{"line":137,"column":5}},"1":{"start":{"line":2,"column":22},"end":{"line":2,"column":40}},"2":{"start":{"line":3,"column":26},"end":{"line":3,"column":45}},"3":{"start":{"line":4,"column":21},"end":{"line":4,"column":53}},"4":{"start":{"line":7,"column":4},"end":{"line":7,"column":42}},"5":{"start":{"line":11,"column":4},"end":{"line":14,"column":47}},"6":{"start":{"line":18,"column":4},"end":{"line":20,"column":5}},"7":{"start":{"line":19,"column":6},"end":{"line":19,"column":16}},"8":{"start":{"line":22,"column":4},"end":{"line":24,"column":5}},"9":{"start":{"line":23,"column":6},"end":{"line":23,"column":16}},"10":{"start":{"line":26,"column":4},"end":{"line":26,"column":34}},"11":{"start":{"line":30,"column":4},"end":{"line":32,"column":5}},"12":{"start":{"line":31,"column":6},"end":{"line":31,"column":16}},"13":{"start":{"line":34,"column":4},"end":{"line":34,"column":50}},"14":{"start":{"line":38,"column":4},"end":{"line":43,"column":5}},"15":{"start":{"line":39,"column":18},"end":{"line":39,"column":58}},"16":{"start":{"line":40,"column":6},"end":{"line":40,"column":40}},"17":{"start":{"line":42,"column":6},"end":{"line":42,"column":16}},"18":{"start":{"line":47,"column":19},"end":{"line":47,"column":62}},"19":{"start":{"line":48,"column":4},"end":{"line":57,"column":6}},"20":{"start":{"line":61,"column":19},"end":{"line":61,"column":37}},"21":{"start":{"line":62,"column":18},"end":{"line":62,"column":35}},"22":{"start":{"line":63,"column":25},"end":{"line":63,"column":91}},"23":{"start":{"line":64,"column":22},"end":{"line":64,"column":99}},"24":{"start":{"line":65,"column":24},"end":{"line":65,"column":106}},"25":{"start":{"line":67,"column":4},"end":{"line":79,"column":6}},"26":{"start":{"line":83,"column":20},"end":{"line":92,"column":5}},"27":{"start":{"line":94,"column":4},"end":{"line":94,"column":70}},"28":{"start":{"line":96,"column":4},"end":{"line":100,"column":5}},"29":{"start":{"line":97,"column":6},"end":{"line":97,"column":68}},"30":{"start":{"line":99,"column":6},"end":{"line":99,"column":56}},"31":{"start":{"line":104,"column":20},"end":{"line":106,"column":5}},"32":{"start":{"line":108,"column":4},"end":{"line":110,"column":5}},"33":{"start":{"line":109,"column":6},"end":{"line":109,"column":49}},"34":{"start":{"line":112,"column":4},"end":{"line":112,"column":19}},"35":{"start":{"line":116,"column":4},"end":{"line":123,"column":6}},"36":{"start":{"line":126,"column":2},"end":{"line":136,"column":4}}},"fnMap":{"0":{"name":"(anonymous_0)","decl":{"start":{"line":1,"column":1},"end":{"line":1,"column":2}},"loc":{"start":{"line":1,"column":13},"end":{"line":137,"column":1}},"line":1},"1":{"name":"isGithubPagesHost","decl":{"start":{"line":6,"column":11},"end":{"line":6,"column":28}},"loc":{"start":{"line":6,"column":39},"end":{"line":8,"column":3}},"line":6},"2":{"name":"isLocalLikeHost","decl":{"start":{"line":10,"column":11},"end":{"line":10,"column":26}},"loc":{"start":{"line":10,"column":37},"end":{"line":15,"column":3}},"line":10},"3":{"name":"defaultRelayBaseUrl","decl":{"start":{"line":17,"column":11},"end":{"line":17,"column":30}},"loc":{"start":{"line":17,"column":33},"end":{"line":27,"column":3}},"line":17},"4":{"name":"buildEndpoint","decl":{"start":{"line":29,"column":11},"end":{"line":29,"column":24}},"loc":{"start":{"line":29,"column":40},"end":{"line":35,"column":3}},"line":29},"5":{"name":"readStoredConfig","decl":{"start":{"line":37,"column":11},"end":{"line":37,"column":27}},"loc":{"start":{"line":37,"column":30},"end":{"line":44,"column":3}},"line":37},"6":{"name":"readQueryConfig","decl":{"start":{"line":46,"column":11},"end":{"line":46,"column":26}},"loc":{"start":{"line":46,"column":29},"end":{"line":58,"column":3}},"line":46},"7":{"name":"loadConfig","decl":{"start":{"line":60,"column":11},"end":{"line":60,"column":21}},"loc":{"start":{"line":60,"column":24},"end":{"line":80,"column":3}},"line":60},"8":{"name":"saveConfig","decl":{"start":{"line":82,"column":11},"end":{"line":82,"column":21}},"loc":{"start":{"line":82,"column":30},"end":{"line":101,"column":3}},"line":82},"9":{"name":"publishHeaders","decl":{"start":{"line":103,"column":11},"end":{"line":103,"column":25}},"loc":{"start":{"line":103,"column":34},"end":{"line":113,"column":3}},"line":103},"10":{"name":"getSiteConfig","decl":{"start":{"line":115,"column":11},"end":{"line":115,"column":24}},"loc":{"start":{"line":115,"column":27},"end":{"line":124,"column":3}},"line":115}},"branchMap":{"0":{"loc":{"start":{"line":4,"column":21},"end":{"line":4,"column":53}},"type":"binary-expr","locations":[{"start":{"line":4,"column":21},"end":{"line":4,"column":47}},{"start":{"line":4,"column":51},"end":{"line":4,"column":53}}],"line":4},"1":{"loc":{"start":{"line":11,"column":11},"end":{"line":14,"column":46}},"type":"binary-expr","locations":[{"start":{"line":11,"column":11},"end":{"line":11,"column":35}},{"start":{"line":12,"column":9},"end":{"line":12,"column":33}},{"start":{"line":13,"column":9},"end":{"line":13,"column":36}},{"start":{"line":14,"column":9},"end":{"line":14,"column":46}}],"line":11},"2":{"loc":{"start":{"line":18,"column":4},"end":{"line":20,"column":5}},"type":"if","locations":[{"start":{"line":18,"column":4},"end":{"line":20,"column":5}},{"start":{},"end":{}}],"line":18},"3":{"loc":{"start":{"line":22,"column":4},"end":{"line":24,"column":5}},"type":"if","locations":[{"start":{"line":22,"column":4},"end":{"line":24,"column":5}},{"start":{},"end":{}}],"line":22},"4":{"loc":{"start":{"line":30,"column":4},"end":{"line":32,"column":5}},"type":"if","locations":[{"start":{"line":30,"column":4},"end":{"line":32,"column":5}},{"start":{},"end":{}}],"line":30},"5":{"loc":{"start":{"line":40,"column":13},"end":{"line":40,"column":39}},"type":"cond-expr","locations":[{"start":{"line":40,"column":19},"end":{"line":40,"column":34}},{"start":{"line":40,"column":37},"end":{"line":40,"column":39}}],"line":40},"6":{"loc":{"start":{"line":49,"column":20},"end":{"line":49,"column":45}},"type":"binary-expr","locations":[{"start":{"line":49,"column":20},"end":{"line":49,"column":39}},{"start":{"line":49,"column":43},"end":{"line":49,"column":45}}],"line":49},"7":{"loc":{"start":{"line":50,"column":17},"end":{"line":50,"column":43}},"type":"binary-expr","locations":[{"start":{"line":50,"column":17},"end":{"line":50,"column":37}},{"start":{"line":50,"column":41},"end":{"line":50,"column":43}}],"line":50},"8":{"loc":{"start":{"line":51,"column":27},"end":{"line":51,"column":55}},"type":"binary-expr","locations":[{"start":{"line":51,"column":27},"end":{"line":51,"column":49}},{"start":{"line":51,"column":53},"end":{"line":51,"column":55}}],"line":51},"9":{"loc":{"start":{"line":52,"column":19},"end":{"line":52,"column":46}},"type":"binary-expr","locations":[{"start":{"line":52,"column":19},"end":{"line":52,"column":40}},{"start":{"line":52,"column":44},"end":{"line":52,"column":46}}],"line":52},"10":{"loc":{"start":{"line":53,"column":16},"end":{"line":53,"column":44}},"type":"binary-expr","locations":[{"start":{"line":53,"column":16},"end":{"line":53,"column":38}},{"start":{"line":53,"column":42},"end":{"line":53,"column":44}}],"line":53},"11":{"loc":{"start":{"line":54,"column":24},"end":{"line":54,"column":60}},"type":"binary-expr","locations":[{"start":{"line":54,"column":24},"end":{"line":54,"column":54}},{"start":{"line":54,"column":58},"end":{"line":54,"column":60}}],"line":54},"12":{"loc":{"start":{"line":55,"column":22},"end":{"line":55,"column":56}},"type":"binary-expr","locations":[{"start":{"line":55,"column":22},"end":{"line":55,"column":50}},{"start":{"line":55,"column":54},"end":{"line":55,"column":56}}],"line":55},"13":{"loc":{"start":{"line":56,"column":29},"end":{"line":56,"column":70}},"type":"binary-expr","locations":[{"start":{"line":56,"column":29},"end":{"line":56,"column":64}},{"start":{"line":56,"column":68},"end":{"line":56,"column":70}}],"line":56},"14":{"loc":{"start":{"line":63,"column":25},"end":{"line":63,"column":91}},"type":"binary-expr","locations":[{"start":{"line":63,"column":25},"end":{"line":63,"column":43}},{"start":{"line":63,"column":47},"end":{"line":63,"column":66}},{"start":{"line":63,"column":70},"end":{"line":63,"column":91}}],"line":63},"15":{"loc":{"start":{"line":64,"column":22},"end":{"line":64,"column":99}},"type":"binary-expr","locations":[{"start":{"line":64,"column":22},"end":{"line":64,"column":37}},{"start":{"line":64,"column":41},"end":{"line":64,"column":57}},{"start":{"line":64,"column":61},"end":{"line":64,"column":99}}],"line":64},"16":{"loc":{"start":{"line":65,"column":24},"end":{"line":65,"column":106}},"type":"binary-expr","locations":[{"start":{"line":65,"column":24},"end":{"line":65,"column":41}},{"start":{"line":65,"column":45},"end":{"line":65,"column":63}},{"start":{"line":65,"column":68},"end":{"line":65,"column":105}}],"line":65},"17":{"loc":{"start":{"line":65,"column":68},"end":{"line":65,"column":105}},"type":"cond-expr","locations":[{"start":{"line":65,"column":83},"end":{"line":65,"column":90}},{"start":{"line":65,"column":93},"end":{"line":65,"column":105}}],"line":65},"18":{"loc":{"start":{"line":68,"column":16},"end":{"line":68,"column":65}},"type":"binary-expr","locations":[{"start":{"line":68,"column":16},"end":{"line":68,"column":30}},{"start":{"line":68,"column":34},"end":{"line":68,"column":49}},{"start":{"line":68,"column":53},"end":{"line":68,"column":65}}],"line":68},"19":{"loc":{"start":{"line":69,"column":24},"end":{"line":69,"column":79}},"type":"binary-expr","locations":[{"start":{"line":69,"column":24},"end":{"line":69,"column":46}},{"start":{"line":69,"column":50},"end":{"line":69,"column":73}},{"start":{"line":69,"column":77},"end":{"line":69,"column":79}}],"line":69},"20":{"loc":{"start":{"line":70,"column":22},"end":{"line":70,"column":73}},"type":"binary-expr","locations":[{"start":{"line":70,"column":22},"end":{"line":70,"column":42}},{"start":{"line":70,"column":46},"end":{"line":70,"column":67}},{"start":{"line":70,"column":71},"end":{"line":70,"column":73}}],"line":70},"21":{"loc":{"start":{"line":71,"column":29},"end":{"line":71,"column":98}},"type":"binary-expr","locations":[{"start":{"line":71,"column":29},"end":{"line":71,"column":56}},{"start":{"line":71,"column":60},"end":{"line":71,"column":88}},{"start":{"line":71,"column":92},"end":{"line":71,"column":98}}],"line":71},"22":{"loc":{"start":{"line":72,"column":27},"end":{"line":72,"column":88}},"type":"binary-expr","locations":[{"start":{"line":72,"column":27},"end":{"line":72,"column":52}},{"start":{"line":72,"column":56},"end":{"line":72,"column":82}},{"start":{"line":72,"column":86},"end":{"line":72,"column":88}}],"line":72},"23":{"loc":{"start":{"line":78,"column":14},"end":{"line":78,"column":66}},"type":"binary-expr","locations":[{"start":{"line":78,"column":14},"end":{"line":78,"column":60}},{"start":{"line":78,"column":64},"end":{"line":78,"column":66}}],"line":78},"24":{"loc":{"start":{"line":84,"column":16},"end":{"line":84,"column":47}},"type":"binary-expr","locations":[{"start":{"line":84,"column":16},"end":{"line":84,"column":31}},{"start":{"line":84,"column":35},"end":{"line":84,"column":47}}],"line":84},"25":{"loc":{"start":{"line":85,"column":24},"end":{"line":85,"column":53}},"type":"binary-expr","locations":[{"start":{"line":85,"column":24},"end":{"line":85,"column":47}},{"start":{"line":85,"column":51},"end":{"line":85,"column":53}}],"line":85},"26":{"loc":{"start":{"line":86,"column":22},"end":{"line":86,"column":49}},"type":"binary-expr","locations":[{"start":{"line":86,"column":22},"end":{"line":86,"column":43}},{"start":{"line":86,"column":47},"end":{"line":86,"column":49}}],"line":86},"27":{"loc":{"start":{"line":87,"column":29},"end":{"line":87,"column":67}},"type":"binary-expr","locations":[{"start":{"line":87,"column":29},"end":{"line":87,"column":57}},{"start":{"line":87,"column":61},"end":{"line":87,"column":67}}],"line":87},"28":{"loc":{"start":{"line":88,"column":27},"end":{"line":88,"column":59}},"type":"binary-expr","locations":[{"start":{"line":88,"column":27},"end":{"line":88,"column":53}},{"start":{"line":88,"column":57},"end":{"line":88,"column":59}}],"line":88},"29":{"loc":{"start":{"line":89,"column":20},"end":{"line":89,"column":45}},"type":"binary-expr","locations":[{"start":{"line":89,"column":20},"end":{"line":89,"column":39}},{"start":{"line":89,"column":43},"end":{"line":89,"column":45}}],"line":89},"30":{"loc":{"start":{"line":90,"column":17},"end":{"line":90,"column":88}},"type":"binary-expr","locations":[{"start":{"line":90,"column":17},"end":{"line":90,"column":33}},{"start":{"line":90,"column":37},"end":{"line":90,"column":88}}],"line":90},"31":{"loc":{"start":{"line":90,"column":51},"end":{"line":90,"column":76}},"type":"binary-expr","locations":[{"start":{"line":90,"column":51},"end":{"line":90,"column":70}},{"start":{"line":90,"column":74},"end":{"line":90,"column":76}}],"line":90},"32":{"loc":{"start":{"line":91,"column":19},"end":{"line":91,"column":53}},"type":"binary-expr","locations":[{"start":{"line":91,"column":19},"end":{"line":91,"column":37}},{"start":{"line":91,"column":41},"end":{"line":91,"column":53}}],"line":91},"33":{"loc":{"start":{"line":96,"column":4},"end":{"line":100,"column":5}},"type":"if","locations":[{"start":{"line":96,"column":4},"end":{"line":100,"column":5}},{"start":{"line":98,"column":11},"end":{"line":100,"column":5}}],"line":96},"34":{"loc":{"start":{"line":108,"column":4},"end":{"line":110,"column":5}},"type":"if","locations":[{"start":{"line":108,"column":4},"end":{"line":110,"column":5}},{"start":{},"end":{}}],"line":108},"35":{"loc":{"start":{"line":117,"column":16},"end":{"line":117,"column":45}},"type":"binary-expr","locations":[{"start":{"line":117,"column":16},"end":{"line":117,"column":35}},{"start":{"line":117,"column":39},"end":{"line":117,"column":45}}],"line":117},"36":{"loc":{"start":{"line":118,"column":20},"end":{"line":118,"column":49}},"type":"binary-expr","locations":[{"start":{"line":118,"column":20},"end":{"line":118,"column":43}},{"start":{"line":118,"column":47},"end":{"line":118,"column":49}}],"line":118},"37":{"loc":{"start":{"line":119,"column":15},"end":{"line":119,"column":39}},"type":"binary-expr","locations":[{"start":{"line":119,"column":15},"end":{"line":119,"column":33}},{"start":{"line":119,"column":37},"end":{"line":119,"column":39}}],"line":119},"38":{"loc":{"start":{"line":120,"column":20},"end":{"line":120,"column":49}},"type":"binary-expr","locations":[{"start":{"line":120,"column":20},"end":{"line":120,"column":43}},{"start":{"line":120,"column":47},"end":{"line":120,"column":49}}],"line":120},"39":{"loc":{"start":{"line":121,"column":17},"end":{"line":121,"column":43}},"type":"binary-expr","locations":[{"start":{"line":121,"column":17},"end":{"line":121,"column":37}},{"start":{"line":121,"column":41},"end":{"line":121,"column":43}}],"line":121},"40":{"loc":{"start":{"line":122,"column":16},"end":{"line":122,"column":41}},"type":"binary-expr","locations":[{"start":{"line":122,"column":16},"end":{"line":122,"column":35}},{"start":{"line":122,"column":39},"end":{"line":122,"column":41}}],"line":122}},"s":{"0":21,"1":21,"2":21,"3":21,"4":10,"5":7,"6":4,"7":0,"8":4,"9":0,"10":4,"11":34,"12":8,"13":26,"14":7,"15":7,"16":7,"17":1,"18":7,"19":7,"20":7,"21":7,"22":7,"23":7,"24":7,"25":7,"26":11,"27":11,"28":11,"29":1,"30":10,"31":5,"32":5,"33":1,"34":5,"35":3,"36":21},"f":{"0":21,"1":10,"2":7,"3":4,"4":34,"5":7,"6":7,"7":7,"8":11,"9":5,"10":3},"b":{"0":[21,20],"1":[7,6,5,4],"2":[0,4],"3":[0,4],"4":[8,26],"5":[5,2],"6":[7,7],"7":[7,7],"8":[7,7],"9":[7,7],"10":[7,7],"11":[7,7],"12":[7,7],"13":[7,7],"14":[7,7,4],"15":[7,7,4],"16":[7,7,3],"17":[3,0],"18":[7,7,3],"19":[7,7,7],"20":[7,7,7],"21":[7,7,3],"22":[7,7,7],"23":[7,6],"24":[11,9],"25":[11,10],"26":[11,10],"27":[11,10],"28":[11,11],"29":[11,6],"30":[11,11],"31":[11,6],"32":[11,11],"33":[1,10],"34":[1,4],"35":[3,2],"36":[3,2],"37":[3,2],"38":[3,2],"39":[3,2],"40":[3,2]},"_coverageSchema":"1a1c01bbd47fc00a2c39e90264f33305004495a9","hash":"bd55255b4e71bb97584b2a60ce5942e2081ac86b"}
,"/home/runner/work/AirScript/AirScript/docs/demo/provider-adapters.js": {"path":"/home/runner/work/AirScript/AirScript/docs/demo/provider-adapters.js","statementMap":{"0":{"start":{"line":1,"column":0},"end":{"line":244,"column":5}},"1":{"start":{"line":2,"column":28},"end":{"line":2,"column":86}},"2":{"start":{"line":4,"column":30},"end":{"line":15,"column":3}},"3":{"start":{"line":18,"column":4},"end":{"line":18,"column":39}},"4":{"start":{"line":22,"column":4},"end":{"line":22,"column":104}},"5":{"start":{"line":22,"column":50},"end":{"line":22,"column":76}},"6":{"start":{"line":26,"column":23},"end":{"line":26,"column":54}},"7":{"start":{"line":28,"column":4},"end":{"line":30,"column":5}},"8":{"start":{"line":29,"column":6},"end":{"line":29,"column":51}},"9":{"start":{"line":32,"column":4},"end":{"line":32,"column":49}},"10":{"start":{"line":36,"column":4},"end":{"line":38,"column":5}},"11":{"start":{"line":37,"column":6},"end":{"line":37,"column":75}},"12":{"start":{"line":40,"column":24},"end":{"line":40,"column":47}},"13":{"start":{"line":41,"column":4},"end":{"line":41,"column":34}},"14":{"start":{"line":42,"column":4},"end":{"line":42,"column":38}},"15":{"start":{"line":43,"column":4},"end":{"line":43,"column":50}},"16":{"start":{"line":45,"column":4},"end":{"line":50,"column":6}},"17":{"start":{"line":46,"column":6},"end":{"line":49,"column":9}},"18":{"start":{"line":52,"column":4},"end":{"line":57,"column":6}},"19":{"start":{"line":53,"column":6},"end":{"line":56,"column":9}},"20":{"start":{"line":59,"column":4},"end":{"line":61,"column":6}},"21":{"start":{"line":60,"column":6},"end":{"line":60,"column":77}},"22":{"start":{"line":63,"column":4},"end":{"line":74,"column":6}},"23":{"start":{"line":64,"column":22},"end":{"line":68,"column":15}},"24":{"start":{"line":65,"column":25},"end":{"line":65,"column":45}},"25":{"start":{"line":70,"column":6},"end":{"line":73,"column":9}},"26":{"start":{"line":76,"column":4},"end":{"line":89,"column":6}},"27":{"start":{"line":78,"column":8},"end":{"line":78,"column":28}},"28":{"start":{"line":81,"column":8},"end":{"line":81,"column":27}},"29":{"start":{"line":84,"column":8},"end":{"line":84,"column":35}},"30":{"start":{"line":85,"column":8},"end":{"line":85,"column":33}},"31":{"start":{"line":86,"column":8},"end":{"line":86,"column":35}},"32":{"start":{"line":87,"column":8},"end":{"line":87,"column":36}},"33":{"start":{"line":93,"column":4},"end":{"line":95,"column":5}},"34":{"start":{"line":94,"column":6},"end":{"line":94,"column":87}},"35":{"start":{"line":97,"column":4},"end":{"line":99,"column":5}},"36":{"start":{"line":98,"column":6},"end":{"line":98,"column":74}},"37":{"start":{"line":103,"column":26},"end":{"line":103,"column":27}},"38":{"start":{"line":104,"column":28},"end":{"line":104,"column":29}},"39":{"start":{"line":105,"column":22},"end":{"line":105,"column":24}},"40":{"start":{"line":107,"column":24},"end":{"line":130,"column":6}},"41":{"start":{"line":109,"column":8},"end":{"line":113,"column":11}},"42":{"start":{"line":116,"column":8},"end":{"line":116,"column":30}},"43":{"start":{"line":117,"column":8},"end":{"line":121,"column":11}},"44":{"start":{"line":124,"column":8},"end":{"line":124,"column":31}},"45":{"start":{"line":127,"column":8},"end":{"line":127,"column":30}},"46":{"start":{"line":128,"column":8},"end":{"line":128,"column":39}},"47":{"start":{"line":133,"column":6},"end":{"line":136,"column":7}},"48":{"start":{"line":134,"column":8},"end":{"line":134,"column":43}},"49":{"start":{"line":135,"column":8},"end":{"line":135,"column":34}},"50":{"start":{"line":138,"column":6},"end":{"line":141,"column":7}},"51":{"start":{"line":139,"column":8},"end":{"line":139,"column":32}},"52":{"start":{"line":140,"column":8},"end":{"line":140,"column":36}},"53":{"start":{"line":145,"column":6},"end":{"line":145,"column":28}},"54":{"start":{"line":146,"column":6},"end":{"line":146,"column":66}},"55":{"start":{"line":148,"column":6},"end":{"line":150,"column":14}},"56":{"start":{"line":149,"column":8},"end":{"line":149,"column":43}},"57":{"start":{"line":154,"column":6},"end":{"line":154,"column":27}},"58":{"start":{"line":155,"column":30},"end":{"line":155,"column":45}},"59":{"start":{"line":156,"column":6},"end":{"line":156,"column":46}},"60":{"start":{"line":158,"column":6},"end":{"line":193,"column":7}},"61":{"start":{"line":159,"column":25},"end":{"line":170,"column":10}},"62":{"start":{"line":172,"column":8},"end":{"line":174,"column":9}},"63":{"start":{"line":173,"column":10},"end":{"line":173,"column":82}},"64":{"start":{"line":176,"column":29},"end":{"line":176,"column":63}},"65":{"start":{"line":178,"column":8},"end":{"line":180,"column":9}},"66":{"start":{"line":179,"column":10},"end":{"line":179,"column":17}},"67":{"start":{"line":182,"column":8},"end":{"line":182,"column":44}},"68":{"start":{"line":183,"column":8},"end":{"line":187,"column":11}},"69":{"start":{"line":189,"column":8},"end":{"line":191,"column":9}},"70":{"start":{"line":190,"column":10},"end":{"line":190,"column":17}},"71":{"start":{"line":192,"column":8},"end":{"line":192,"column":83}},"72":{"start":{"line":196,"column":4},"end":{"line":208,"column":6}},"73":{"start":{"line":198,"column":8},"end":{"line":198,"column":28}},"74":{"start":{"line":201,"column":8},"end":{"line":201,"column":30}},"75":{"start":{"line":202,"column":8},"end":{"line":202,"column":27}},"76":{"start":{"line":205,"column":8},"end":{"line":205,"column":30}},"77":{"start":{"line":206,"column":8},"end":{"line":206,"column":30}},"78":{"start":{"line":212,"column":24},"end":{"line":212,"column":66}},"79":{"start":{"line":213,"column":4},"end":{"line":215,"column":5}},"80":{"start":{"line":214,"column":6},"end":{"line":214,"column":29}},"81":{"start":{"line":217,"column":4},"end":{"line":217,"column":43}},"82":{"start":{"line":221,"column":4},"end":{"line":223,"column":5}},"83":{"start":{"line":222,"column":6},"end":{"line":222,"column":44}},"84":{"start":{"line":225,"column":19},"end":{"line":225,"column":86}},"85":{"start":{"line":225,"column":58},"end":{"line":225,"column":69}},"86":{"start":{"line":226,"column":16},"end":{"line":226,"column":23}},"87":{"start":{"line":228,"column":4},"end":{"line":230,"column":5}},"88":{"start":{"line":229,"column":6},"end":{"line":229,"column":29}},"89":{"start":{"line":232,"column":4},"end":{"line":234,"column":5}},"90":{"start":{"line":233,"column":6},"end":{"line":233,"column":26}},"91":{"start":{"line":236,"column":4},"end":{"line":236,"column":24}},"92":{"start":{"line":239,"column":2},"end":{"line":243,"column":4}}},"fnMap":{"0":{"name":"(anonymous_0)","decl":{"start":{"line":1,"column":1},"end":{"line":1,"column":2}},"loc":{"start":{"line":1,"column":13},"end":{"line":244,"column":1}},"line":1},"1":{"name":"listProviders","decl":{"start":{"line":17,"column":11},"end":{"line":17,"column":24}},"loc":{"start":{"line":17,"column":27},"end":{"line":19,"column":3}},"line":17},"2":{"name":"getProviderDefinition","decl":{"start":{"line":21,"column":11},"end":{"line":21,"column":32}},"loc":{"start":{"line":21,"column":45},"end":{"line":23,"column":3}},"line":21},"3":{"name":"(anonymous_3)","decl":{"start":{"line":22,"column":36},"end":{"line":22,"column":37}},"loc":{"start":{"line":22,"column":50},"end":{"line":22,"column":76}},"line":22},"4":{"name":"createProviderSession","decl":{"start":{"line":25,"column":11},"end":{"line":25,"column":32}},"loc":{"start":{"line":25,"column":48},"end":{"line":33,"column":3}},"line":25},"5":{"name":"createWebSpeechSession","decl":{"start":{"line":35,"column":11},"end":{"line":35,"column":33}},"loc":{"start":{"line":35,"column":49},"end":{"line":90,"column":3}},"line":35},"6":{"name":"(anonymous_6)","decl":{"start":{"line":45,"column":26},"end":{"line":45,"column":27}},"loc":{"start":{"line":45,"column":32},"end":{"line":50,"column":5}},"line":45},"7":{"name":"(anonymous_7)","decl":{"start":{"line":52,"column":24},"end":{"line":52,"column":25}},"loc":{"start":{"line":52,"column":30},"end":{"line":57,"column":5}},"line":52},"8":{"name":"(anonymous_8)","decl":{"start":{"line":59,"column":26},"end":{"line":59,"column":27}},"loc":{"start":{"line":59,"column":37},"end":{"line":61,"column":5}},"line":59},"9":{"name":"(anonymous_9)","decl":{"start":{"line":63,"column":27},"end":{"line":63,"column":28}},"loc":{"start":{"line":63,"column":38},"end":{"line":74,"column":5}},"line":63},"10":{"name":"(anonymous_10)","decl":{"start":{"line":65,"column":13},"end":{"line":65,"column":14}},"loc":{"start":{"line":65,"column":25},"end":{"line":65,"column":45}},"line":65},"11":{"name":"(anonymous_11)","decl":{"start":{"line":77,"column":6},"end":{"line":77,"column":7}},"loc":{"start":{"line":77,"column":14},"end":{"line":79,"column":7}},"line":77},"12":{"name":"(anonymous_12)","decl":{"start":{"line":80,"column":6},"end":{"line":80,"column":7}},"loc":{"start":{"line":80,"column":13},"end":{"line":82,"column":7}},"line":80},"13":{"name":"(anonymous_13)","decl":{"start":{"line":83,"column":6},"end":{"line":83,"column":7}},"loc":{"start":{"line":83,"column":16},"end":{"line":88,"column":7}},"line":83},"14":{"name":"createHttpsJsonSession","decl":{"start":{"line":92,"column":11},"end":{"line":92,"column":33}},"loc":{"start":{"line":92,"column":49},"end":{"line":209,"column":3}},"line":92},"15":{"name":"(anonymous_15)","decl":{"start":{"line":108,"column":6},"end":{"line":108,"column":7}},"loc":{"start":{"line":108,"column":20},"end":{"line":114,"column":7}},"line":108},"16":{"name":"(anonymous_16)","decl":{"start":{"line":115,"column":6},"end":{"line":115,"column":7}},"loc":{"start":{"line":115,"column":19},"end":{"line":122,"column":7}},"line":115},"17":{"name":"(anonymous_17)","decl":{"start":{"line":123,"column":6},"end":{"line":123,"column":7}},"loc":{"start":{"line":123,"column":21},"end":{"line":125,"column":7}},"line":123},"18":{"name":"(anonymous_18)","decl":{"start":{"line":126,"column":6},"end":{"line":126,"column":7}},"loc":{"start":{"line":126,"column":25},"end":{"line":129,"column":7}},"line":126},"19":{"name":"clearPendingRequest","decl":{"start":{"line":132,"column":13},"end":{"line":132,"column":32}},"loc":{"start":{"line":132,"column":35},"end":{"line":142,"column":5}},"line":132},"20":{"name":"scheduleRemoteRequest","decl":{"start":{"line":144,"column":13},"end":{"line":144,"column":34}},"loc":{"start":{"line":144,"column":44},"end":{"line":151,"column":5}},"line":144},"21":{"name":"(anonymous_21)","decl":{"start":{"line":148,"column":40},"end":{"line":148,"column":41}},"loc":{"start":{"line":148,"column":46},"end":{"line":150,"column":7}},"line":148},"22":{"name":"requestRemoteCaption","decl":{"start":{"line":153,"column":19},"end":{"line":153,"column":39}},"loc":{"start":{"line":153,"column":49},"end":{"line":194,"column":5}},"line":153},"23":{"name":"(anonymous_23)","decl":{"start":{"line":197,"column":6},"end":{"line":197,"column":7}},"loc":{"start":{"line":197,"column":14},"end":{"line":199,"column":7}},"line":197},"24":{"name":"(anonymous_24)","decl":{"start":{"line":200,"column":6},"end":{"line":200,"column":7}},"loc":{"start":{"line":200,"column":13},"end":{"line":203,"column":7}},"line":200},"25":{"name":"(anonymous_25)","decl":{"start":{"line":204,"column":6},"end":{"line":204,"column":7}},"loc":{"start":{"line":204,"column":16},"end":{"line":207,"column":7}},"line":204},"26":{"name":"readRemoteResponse","decl":{"start":{"line":211,"column":17},"end":{"line":211,"column":35}},"loc":{"start":{"line":211,"column":46},"end":{"line":218,"column":3}},"line":211},"27":{"name":"extractRemoteCaption","decl":{"start":{"line":220,"column":11},"end":{"line":220,"column":31}},"loc":{"start":{"line":220,"column":70},"end":{"line":237,"column":3}},"line":220},"28":{"name":"(anonymous_28)","decl":{"start":{"line":225,"column":48},"end":{"line":225,"column":49}},"loc":{"start":{"line":225,"column":58},"end":{"line":225,"column":69}},"line":225}},"branchMap":{"0":{"loc":{"start":{"line":2,"column":28},"end":{"line":2,"column":86}},"type":"binary-expr","locations":[{"start":{"line":2,"column":28},"end":{"line":2,"column":52}},{"start":{"line":2,"column":56},"end":{"line":2,"column":86}}],"line":2},"1":{"loc":{"start":{"line":22,"column":11},"end":{"line":22,"column":103}},"type":"binary-expr","locations":[{"start":{"line":22,"column":11},"end":{"line":22,"column":77}},{"start":{"line":22,"column":81},"end":{"line":22,"column":103}}],"line":22},"2":{"loc":{"start":{"line":26,"column":23},"end":{"line":26,"column":54}},"type":"binary-expr","locations":[{"start":{"line":26,"column":23},"end":{"line":26,"column":38}},{"start":{"line":26,"column":42},"end":{"line":26,"column":54}}],"line":26},"3":{"loc":{"start":{"line":28,"column":4},"end":{"line":30,"column":5}},"type":"if","locations":[{"start":{"line":28,"column":4},"end":{"line":30,"column":5}},{"start":{},"end":{}}],"line":28},"4":{"loc":{"start":{"line":36,"column":4},"end":{"line":38,"column":5}},"type":"if","locations":[{"start":{"line":36,"column":4},"end":{"line":38,"column":5}},{"start":{},"end":{}}],"line":36},"5":{"loc":{"start":{"line":43,"column":23},"end":{"line":43,"column":49}},"type":"binary-expr","locations":[{"start":{"line":43,"column":23},"end":{"line":43,"column":38}},{"start":{"line":43,"column":42},"end":{"line":43,"column":49}}],"line":43},"6":{"loc":{"start":{"line":93,"column":4},"end":{"line":95,"column":5}},"type":"if","locations":[{"start":{"line":93,"column":4},"end":{"line":95,"column":5}},{"start":{},"end":{}}],"line":93},"7":{"loc":{"start":{"line":97,"column":4},"end":{"line":99,"column":5}},"type":"if","locations":[{"start":{"line":97,"column":4},"end":{"line":99,"column":5}},{"start":{},"end":{}}],"line":97},"8":{"loc":{"start":{"line":133,"column":6},"end":{"line":136,"column":7}},"type":"if","locations":[{"start":{"line":133,"column":6},"end":{"line":136,"column":7}},{"start":{},"end":{}}],"line":133},"9":{"loc":{"start":{"line":138,"column":6},"end":{"line":141,"column":7}},"type":"if","locations":[{"start":{"line":138,"column":6},"end":{"line":141,"column":7}},{"start":{},"end":{}}],"line":138},"10":{"loc":{"start":{"line":166,"column":20},"end":{"line":166,"column":47}},"type":"binary-expr","locations":[{"start":{"line":166,"column":20},"end":{"line":166,"column":41}},{"start":{"line":166,"column":45},"end":{"line":166,"column":47}}],"line":166},"11":{"loc":{"start":{"line":172,"column":8},"end":{"line":174,"column":9}},"type":"if","locations":[{"start":{"line":172,"column":8},"end":{"line":174,"column":9}},{"start":{},"end":{}}],"line":172},"12":{"loc":{"start":{"line":178,"column":8},"end":{"line":180,"column":9}},"type":"if","locations":[{"start":{"line":178,"column":8},"end":{"line":180,"column":9}},{"start":{},"end":{}}],"line":178},"13":{"loc":{"start":{"line":183,"column":61},"end":{"line":183,"column":99}},"type":"binary-expr","locations":[{"start":{"line":183,"column":61},"end":{"line":183,"column":89}},{"start":{"line":183,"column":93},"end":{"line":183,"column":99}}],"line":183},"14":{"loc":{"start":{"line":189,"column":8},"end":{"line":191,"column":9}},"type":"if","locations":[{"start":{"line":189,"column":8},"end":{"line":191,"column":9}},{"start":{},"end":{}}],"line":189},"15":{"loc":{"start":{"line":212,"column":24},"end":{"line":212,"column":66}},"type":"binary-expr","locations":[{"start":{"line":212,"column":24},"end":{"line":212,"column":60}},{"start":{"line":212,"column":64},"end":{"line":212,"column":66}}],"line":212},"16":{"loc":{"start":{"line":213,"column":4},"end":{"line":215,"column":5}},"type":"if","locations":[{"start":{"line":213,"column":4},"end":{"line":215,"column":5}},{"start":{},"end":{}}],"line":213},"17":{"loc":{"start":{"line":221,"column":4},"end":{"line":223,"column":5}},"type":"if","locations":[{"start":{"line":221,"column":4},"end":{"line":223,"column":5}},{"start":{},"end":{}}],"line":221},"18":{"loc":{"start":{"line":222,"column":13},"end":{"line":222,"column":43}},"type":"binary-expr","locations":[{"start":{"line":222,"column":13},"end":{"line":222,"column":27}},{"start":{"line":222,"column":31},"end":{"line":222,"column":43}}],"line":222},"19":{"loc":{"start":{"line":232,"column":4},"end":{"line":234,"column":5}},"type":"if","locations":[{"start":{"line":232,"column":4},"end":{"line":234,"column":5}},{"start":{},"end":{}}],"line":232},"20":{"loc":{"start":{"line":232,"column":8},"end":{"line":232,"column":49}},"type":"binary-expr","locations":[{"start":{"line":232,"column":8},"end":{"line":232,"column":33}},{"start":{"line":232,"column":37},"end":{"line":232,"column":49}}],"line":232}},"s":{"0":44,"1":44,"2":44,"3":7,"4":4,"5":7,"6":33,"7":33,"8":21,"9":12,"10":31,"11":1,"12":30,"13":30,"14":30,"15":30,"16":30,"17":2,"18":30,"19":2,"20":30,"21":2,"22":30,"23":17,"24":18,"25":17,"26":30,"27":2,"28":2,"29":2,"30":2,"31":2,"32":2,"33":21,"34":1,"35":20,"36":1,"37":19,"38":19,"39":19,"40":19,"41":1,"42":1,"43":1,"44":1,"45":16,"46":16,"47":19,"48":4,"49":4,"50":19,"51":2,"52":2,"53":16,"54":16,"55":16,"56":12,"57":12,"58":12,"59":12,"60":12,"61":12,"62":9,"63":1,"64":8,"65":8,"66":1,"67":7,"68":7,"69":3,"70":1,"71":2,"72":19,"73":1,"74":1,"75":1,"76":1,"77":1,"78":8,"79":8,"80":7,"81":1,"82":7,"83":2,"84":5,"85":6,"86":5,"87":5,"88":6,"89":5,"90":4,"91":1,"92":44},"f":{"0":44,"1":7,"2":4,"3":7,"4":33,"5":31,"6":2,"7":2,"8":2,"9":17,"10":18,"11":2,"12":2,"13":2,"14":21,"15":1,"16":1,"17":1,"18":16,"19":19,"20":16,"21":12,"22":12,"23":1,"24":1,"25":1,"26":8,"27":7,"28":6},"b":{"0":[44,4],"1":[4,2],"2":[33,0],"3":[21,12],"4":[1,30],"5":[30,29],"6":[1,20],"7":[1,19],"8":[4,15],"9":[2,17],"10":[12,12],"11":[1,8],"12":[1,7],"13":[7,0],"14":[1,2],"15":[8,0],"16":[7,1],"17":[2,5],"18":[2,1],"19":[4,1],"20":[5,4]},"_coverageSchema":"1a1c01bbd47fc00a2c39e90264f33305004495a9","hash":"d87285c7c4216ae909c3ff50cd4009198f0dd026"}
}
