TN:
SF:server.js
FN:28,(anonymous_0)
FN:42,escapeHtml
FN:51,formatCaptionMarkup
FN:56,formatSlideMarkup
FN:60,sendSseEvent
FN:65,broadcast
FN:71,getLocalIP
FN:92,pickExternalIPv4
FN:106,writeQrCode
FN:118,ensureHttpsCredentials
FN:152,(anonymous_10)
FN:167,openBrowser
FN:203,(anonymous_12)
FN:213,(anonymous_13)
FN:217,(anonymous_14)
FN:223,(anonymous_15)
FN:230,(anonymous_16)
FN:237,(anonymous_17)
FN:245,start
FN:254,(anonymous_19)
FN:279,(anonymous_20)
FN:291,(anonymous_21)
FNF:22
FNH:13
FNDA:24,(anonymous_0)
FNDA:26,escapeHtml
FNDA:14,formatCaptionMarkup
FNDA:10,formatSlideMarkup
FNDA:9,sendSseEvent
FNDA:17,broadcast
FNDA:2,getLocalIP
FNDA:14,pickExternalIPv4
FNDA:0,writeQrCode
FNDA:0,ensureHttpsCredentials
FNDA:0,(anonymous_10)
FNDA:0,openBrowser
FNDA:1,(anonymous_12)
FNDA:0,(anonymous_13)
FNDA:1,(anonymous_14)
FNDA:8,(anonymous_15)
FNDA:6,(anonymous_16)
FNDA:7,(anonymous_17)
FNDA:0,start
FNDA:0,(anonymous_19)
FNDA:0,(anonymous_20)
FNDA:0,(anonymous_21)
DA:1,1
DA:2,1
DA:3,1
DA:4,1
DA:5,1
DA:6,1
DA:7,1
DA:8,1
DA:10,1
DA:11,1
DA:12,1
DA:13,1
DA:14,1
DA:15,1
DA:16,1
DA:17,1
DA:18,1
DA:20,1
DA:25,1
DA:27,1
DA:28,1
DA:29,24
DA:30,24
DA:31,24
DA:33,24
DA:34,2
DA:35,2
DA:38,22
DA:40,1
DA:43,26
DA:52,14
DA:53,14
DA:57,10
DA:61,9
DA:62,9
DA:66,17
DA:67,5
DA:72,2
DA:73,2
DA:75,2
DA:76,4
DA:77,4
DA:78,0
DA:82,2
DA:83,4
DA:84,4
DA:85,2
DA:89,0
DA:93,14
DA:94,5
DA:97,9
DA:98,11
DA:99,4
DA:103,5
DA:107,0
DA:108,0
DA:119,0
DA:121,0
DA:122,0
DA:127,0
DA:129,0
DA:130,0
DA:136,0
DA:137,0
DA:138,0
DA:139,0
DA:142,0
DA:152,0
DA:158,0
DA:164,0
DA:168,0
DA:169,0
DA:171,0
DA:172,0
DA:173,0
DA:174,0
DA:178,0
DA:179,0
DA:180,0
DA:183,0
DA:186,0
DA:187,0
DA:188,0
DA:189,0
DA:192,0
DA:195,0
DA:196,0
DA:197,0
DA:200,0
DA:203,1
DA:204,1
DA:205,1
DA:206,1
DA:207,1
DA:209,1
DA:210,1
DA:211,1
DA:213,1
DA:214,0
DA:217,1
DA:218,1
DA:219,1
DA:223,1
DA:224,8
DA:225,8
DA:226,8
DA:227,8
DA:230,1
DA:231,6
DA:232,6
DA:233,6
DA:234,6
DA:237,1
DA:238,7
DA:246,0
DA:247,0
DA:248,0
DA:249,0
DA:250,0
DA:252,0
DA:254,0
DA:255,0
DA:256,0
DA:258,0
DA:261,0
DA:262,0
DA:263,0
DA:266,0
DA:268,0
DA:269,0
DA:270,0
DA:271,0
DA:273,0
DA:276,0
DA:279,0
DA:280,0
DA:281,0
DA:282,0
DA:285,0
DA:290,1
DA:291,0
DA:292,0
DA:293,0
DA:297,1
LF:144
LH:78
BRDA:11,0,0,1
BRDA:11,0,1,1
BRDA:13,1,0,1
BRDA:13,1,1,1
BRDA:33,2,0,2
BRDA:33,2,1,22
BRDA:52,3,0,14
BRDA:52,3,1,2
BRDA:53,4,0,14
BRDA:53,4,1,2
BRDA:57,5,0,10
BRDA:57,5,1,1
BRDA:77,6,0,0
BRDA:77,6,1,4
BRDA:84,7,0,2
BRDA:84,7,1,2
BRDA:93,8,0,5
BRDA:93,8,1,9
BRDA:98,9,0,4
BRDA:98,9,1,7
BRDA:98,10,0,11
BRDA:98,10,1,11
BRDA:98,10,2,8
BRDA:129,11,0,0
BRDA:129,11,1,0
BRDA:129,12,0,0
BRDA:129,12,1,0
BRDA:138,13,0,0
BRDA:138,13,1,0
BRDA:138,14,0,0
BRDA:138,14,1,0
BRDA:138,14,2,0
BRDA:168,15,0,0
BRDA:168,15,1,0
BRDA:173,16,0,0
BRDA:173,16,1,0
BRDA:173,17,0,0
BRDA:173,17,1,0
BRDA:179,18,0,0
BRDA:179,18,1,0
BRDA:179,19,0,0
BRDA:179,19,1,0
BRDA:183,20,0,0
BRDA:183,20,1,0
BRDA:186,21,0,0
BRDA:186,21,1,0
BRDA:188,22,0,0
BRDA:188,22,1,0
BRDA:188,23,0,0
BRDA:188,23,1,0
BRDA:192,24,0,0
BRDA:192,24,1,0
BRDA:196,25,0,0
BRDA:196,25,1,0
BRDA:196,26,0,0
BRDA:196,26,1,0
BRDA:200,27,0,0
BRDA:200,27,1,0
BRDA:224,28,0,6
BRDA:224,28,1,2
BRDA:225,29,0,8
BRDA:225,29,1,4
BRDA:231,30,0,5
BRDA:231,30,1,1
BRDA:232,31,0,6
BRDA:232,31,1,2
BRDA:263,32,0,0
BRDA:263,32,1,0
BRDA:268,33,0,0
BRDA:268,33,1,0
BRDA:280,34,0,0
BRDA:280,34,1,0
BRDA:290,35,0,0
BRDA:290,35,1,1
BRF:74
BRH:31
end_of_record
TN:
SF:docs/demo/app-config.js
FN:1,(anonymous_0)
FN:6,isGithubPagesHost
FN:10,isLocalLikeHost
FN:17,defaultRelayBaseUrl
FN:29,buildEndpoint
FN:37,readStoredConfig
FN:46,readQueryConfig
FN:60,loadConfig
FN:82,saveConfig
FN:103,publishHeaders
FN:115,getSiteConfig
FNF:11
FNH:11
FNDA:16,(anonymous_0)
FNDA:9,isGithubPagesHost
FNDA:7,isLocalLikeHost
FNDA:3,defaultRelayBaseUrl
FNDA:25,buildEndpoint
FNDA:5,readStoredConfig
FNDA:5,readQueryConfig
FNDA:5,loadConfig
FNDA:7,saveConfig
FNDA:5,publishHeaders
FNDA:3,getSiteConfig
DA:1,16
DA:2,16
DA:3,16
DA:4,16
DA:7,9
DA:11,7
DA:18,3
DA:19,0
DA:22,3
DA:23,0
DA:26,3
DA:30,25
DA:31,6
DA:34,19
DA:38,5
DA:39,5
DA:40,5
DA:42,1
DA:47,5
DA:48,5
DA:61,5
DA:62,5
DA:63,5
DA:64,5
DA:65,5
DA:67,5
DA:83,7
DA:94,7
DA:96,7
DA:97,1
DA:99,6
DA:104,5
DA:108,5
DA:109,1
DA:112,5
DA:116,3
DA:126,16
LF:37
LH:35
BRDA:4,0,0,16
BRDA:4,0,1,15
BRDA:11,1,0,7
BRDA:11,1,1,6
BRDA:11,1,2,5
BRDA:11,1,3,4
BRDA:18,2,0,0
BRDA:18,2,1,3
BRDA:22,3,0,0
BRDA:22,3,1,3
BRDA:30,4,0,6
BRDA:30,4,1,19
BRDA:40,5,0,4
BRDA:40,5,1,1
BRDA:49,6,0,5
BRDA:49,6,1,5
BRDA:50,7,0,5
BRDA:50,7,1,5
BRDA:51,8,0,5
BRDA:51,8,1,5
BRDA:52,9,0,5
BRDA:52,9,1,5
BRDA:53,10,0,5
BRDA:53,10,1,5
BRDA:54,11,0,5
BRDA:54,11,1,5
BRDA:55,12,0,5
BRDA:55,12,1,5
BRDA:56,13,0,5
BRDA:56,13,1,5
BRDA:63,14,0,5
BRDA:63,14,1,5
BRDA:63,14,2,3
BRDA:64,15,0,5
BRDA:64,15,1,5
BRDA:64,15,2,3
BRDA:65,16,0,5
BRDA:65,16,1,5
BRDA:65,16,2,2
BRDA:65,17,0,2
BRDA:65,17,1,0
BRDA:68,18,0,5
BRDA:68,18,1,5
BRDA:68,18,2,2
BRDA:69,19,0,5
BRDA:69,19,1,5
BRDA:69,19,2,5
BRDA:70,20,0,5
BRDA:70,20,1,5
BRDA:70,20,2,5
BRDA:71,21,0,5
BRDA:71,21,1,5
BRDA:71,21,2,2
BRDA:72,22,0,5
BRDA:72,22,1,5
BRDA:72,22,2,5
BRDA:78,23,0,5
BRDA:78,23,1,5
BRDA:84,24,0,7
BRDA:84,24,1,5
BRDA:85,25,0,7
BRDA:85,25,1,7
BRDA:86,26,0,7
BRDA:86,26,1,7
BRDA:87,27,0,7
BRDA:87,27,1,7
BRDA:88,28,0,7
BRDA:88,28,1,7
BRDA:89,29,0,7
BRDA:89,29,1,4
BRDA:90,30,0,7
BRDA:90,30,1,7
BRDA:90,31,0,7
BRDA:90,31,1,4
BRDA:91,32,0,7
BRDA:91,32,1,7
BRDA:96,33,0,1
BRDA:96,33,1,6
BRDA:108,34,0,1
BRDA:108,34,1,4
BRDA:117,35,0,3
BRDA:117,35,1,2
BRDA:118,36,0,3
BRDA:118,36,1,2
BRDA:119,37,0,3
BRDA:119,37,1,2
BRDA:120,38,0,3
BRDA:120,38,1,2
BRDA:121,39,0,3
BRDA:121,39,1,2
BRDA:122,40,0,3
BRDA:122,40,1,2
BRF:92
BRH:89
end_of_record
TN:
SF:docs/demo/provider-adapters.js
FN:1,(anonymous_0)
FN:17,listProviders
FN:21,getProviderDefinition
FN:22,(anonymous_3)
FN:25,createProviderSession
FN:35,createWebSpeechSession
FN:45,(anonymous_6)
FN:52,(anonymous_7)
FN:59,(anonymous_8)
FN:63,(anonymous_9)
FN:65,(anonymous_10)
FN:77,(anonymous_11)
FN:80,(anonymous_12)
FN:83,(anonymous_13)
FN:92,createHttpsJsonSession
FN:108,(anonymous_15)
FN:115,(anonymous_16)
FN:123,(anonymous_17)
FN:126,(anonymous_18)
FN:132,clearPendingRequest
FN:144,scheduleRemoteRequest
FN:148,(anonymous_21)
FN:153,requestRemoteCaption
FN:190,(anonymous_23)
FN:193,(anonymous_24)
FN:197,(anonymous_25)
FN:204,readRemoteResponse
FN:213,extractRemoteCaption
FN:218,(anonymous_28)
FNF:29
FNH:23
FNDA:30,(anonymous_0)
FNDA:7,listProviders
FNDA:4,getProviderDefinition
FNDA:7,(anonymous_3)
FNDA:16,createProviderSession
FNDA:14,createWebSpeechSession
FNDA:1,(anonymous_6)
FNDA:1,(anonymous_7)
FNDA:1,(anonymous_8)
FNDA:5,(anonymous_9)
FNDA:6,(anonymous_10)
FNDA:1,(anonymous_11)
FNDA:1,(anonymous_12)
FNDA:1,(anonymous_13)
FNDA:7,createHttpsJsonSession
FNDA:0,(anonymous_15)
FNDA:0,(anonymous_16)
FNDA:0,(anonymous_17)
FNDA:4,(anonymous_18)
FNDA:4,clearPendingRequest
FNDA:4,scheduleRemoteRequest
FNDA:4,(anonymous_21)
FNDA:4,requestRemoteCaption
FNDA:0,(anonymous_23)
FNDA:0,(anonymous_24)
FNDA:0,(anonymous_25)
FNDA:4,readRemoteResponse
FNDA:4,extractRemoteCaption
FNDA:5,(anonymous_28)
DA:1,30
DA:2,30
DA:4,30
DA:18,7
DA:22,7
DA:26,16
DA:28,16
DA:29,7
DA:32,9
DA:36,14
DA:37,1
DA:40,13
DA:41,13
DA:42,13
DA:43,13
DA:45,13
DA:46,1
DA:52,13
DA:53,1
DA:59,13
DA:60,1
DA:63,13
DA:64,5
DA:65,6
DA:70,5
DA:76,13
DA:78,1
DA:81,1
DA:84,1
DA:85,1
DA:86,1
DA:87,1
DA:93,7
DA:94,1
DA:97,6
DA:98,1
DA:103,5
DA:104,5
DA:105,5
DA:107,5
DA:109,0
DA:116,0
DA:117,0
DA:124,0
DA:127,4
DA:128,4
DA:133,4
DA:134,0
DA:135,0
DA:138,4
DA:139,0
DA:140,0
DA:145,4
DA:146,4
DA:148,4
DA:149,4
DA:154,4
DA:155,4
DA:156,4
DA:158,4
DA:171,4
DA:172,0
DA:175,4
DA:177,4
DA:178,0
DA:181,4
DA:182,4
DA:189,5
DA:191,0
DA:194,0
DA:195,0
DA:198,0
DA:199,0
DA:205,4
DA:206,4
DA:207,3
DA:210,1
DA:214,4
DA:215,0
DA:218,5
DA:219,4
DA:221,4
DA:222,5
DA:225,4
DA:226,3
DA:229,1
DA:232,30
LF:87
LH:71
BRDA:2,0,0,30
BRDA:2,0,1,3
BRDA:22,1,0,4
BRDA:22,1,1,2
BRDA:26,2,0,16
BRDA:26,2,1,0
BRDA:28,3,0,7
BRDA:28,3,1,9
BRDA:36,4,0,1
BRDA:36,4,1,13
BRDA:43,5,0,13
BRDA:43,5,1,13
BRDA:93,6,0,1
BRDA:93,6,1,6
BRDA:97,7,0,1
BRDA:97,7,1,5
BRDA:133,8,0,0
BRDA:133,8,1,4
BRDA:138,9,0,0
BRDA:138,9,1,4
BRDA:165,10,0,4
BRDA:165,10,1,4
BRDA:171,11,0,0
BRDA:171,11,1,4
BRDA:177,12,0,0
BRDA:177,12,1,4
BRDA:182,13,0,4
BRDA:182,13,1,0
BRDA:205,14,0,4
BRDA:205,14,1,0
BRDA:206,15,0,3
BRDA:206,15,1,1
BRDA:214,16,0,0
BRDA:214,16,1,4
BRDA:215,17,0,0
BRDA:215,17,1,0
BRDA:225,18,0,3
BRDA:225,18,1,1
BRDA:225,19,0,4
BRDA:225,19,1,3
BRF:40
BRH:30
end_of_record
