TN:
SF:server.js
FN:28,(anonymous_0)
FN:42,escapeHtml
FN:51,formatCaptionMarkup
FN:56,formatSlideMarkup
FN:60,sendSseEvent
FN:65,broadcast
FN:71,getLocalIP
FN:92,pickExternalIPv4
FN:106,writeQrCode
FN:118,ensureHttpsCredentials
FN:152,(anonymous_10)
FN:167,openBrowser
FN:203,(anonymous_12)
FN:213,(anonymous_13)
FN:217,(anonymous_14)
FN:223,(anonymous_15)
FN:230,(anonymous_16)
FN:237,(anonymous_17)
FN:245,start
FN:254,(anonymous_19)
FN:279,(anonymous_20)
FN:291,(anonymous_21)
FNF:22
FNH:13
FNDA:29,(anonymous_0)
FNDA:29,escapeHtml
FNDA:17,formatCaptionMarkup
FNDA:14,formatSlideMarkup
FNDA:15,sendSseEvent
FNDA:18,broadcast
FNDA:2,getLocalIP
FNDA:14,pickExternalIPv4
FNDA:0,writeQrCode
FNDA:0,ensureHttpsCredentials
FNDA:0,(anonymous_10)
FNDA:0,openBrowser
FNDA:4,(anonymous_12)
FNDA:0,(anonymous_13)
FNDA:4,(anonymous_14)
FNDA:8,(anonymous_15)
FNDA:7,(anonymous_16)
FNDA:8,(anonymous_17)
FNDA:0,start
FNDA:0,(anonymous_19)
FNDA:0,(anonymous_20)
FNDA:0,(anonymous_21)
DA:1,1
DA:2,1
DA:3,1
DA:4,1
DA:5,1
DA:6,1
DA:7,1
DA:8,1
DA:10,1
DA:11,1
DA:12,1
DA:13,1
DA:14,1
DA:15,1
DA:16,1
DA:17,1
DA:18,1
DA:20,1
DA:25,1
DA:27,1
DA:28,1
DA:29,29
DA:30,29
DA:31,29
DA:33,29
DA:34,2
DA:35,2
DA:38,27
DA:40,1
DA:43,29
DA:52,17
DA:53,17
DA:57,14
DA:61,15
DA:62,15
DA:66,18
DA:67,5
DA:72,2
DA:73,2
DA:75,2
DA:76,4
DA:77,4
DA:78,0
DA:82,2
DA:83,4
DA:84,4
DA:85,2
DA:89,0
DA:93,14
DA:94,5
DA:97,9
DA:98,11
DA:99,4
DA:103,5
DA:107,0
DA:108,0
DA:119,0
DA:121,0
DA:122,0
DA:127,0
DA:129,0
DA:130,0
DA:136,0
DA:137,0
DA:138,0
DA:139,0
DA:142,0
DA:152,0
DA:158,0
DA:164,0
DA:168,0
DA:169,0
DA:171,0
DA:172,0
DA:173,0
DA:174,0
DA:178,0
DA:179,0
DA:180,0
DA:183,0
DA:186,0
DA:187,0
DA:188,0
DA:189,0
DA:192,0
DA:195,0
DA:196,0
DA:197,0
DA:200,0
DA:203,1
DA:204,4
DA:205,4
DA:206,4
DA:207,4
DA:209,4
DA:210,4
DA:211,4
DA:213,4
DA:214,0
DA:217,4
DA:218,4
DA:219,4
DA:223,1
DA:224,8
DA:225,8
DA:226,8
DA:227,8
DA:230,1
DA:231,7
DA:232,7
DA:233,7
DA:234,7
DA:237,1
DA:238,8
DA:246,0
DA:247,0
DA:248,0
DA:249,0
DA:250,0
DA:252,0
DA:254,0
DA:255,0
DA:256,0
DA:258,0
DA:261,0
DA:262,0
DA:263,0
DA:266,0
DA:268,0
DA:269,0
DA:270,0
DA:271,0
DA:273,0
DA:276,0
DA:279,0
DA:280,0
DA:281,0
DA:282,0
DA:285,0
DA:290,1
DA:291,0
DA:292,0
DA:293,0
DA:297,1
LF:144
LH:78
BRDA:11,0,0,1
BRDA:11,0,1,1
BRDA:13,1,0,1
BRDA:13,1,1,1
BRDA:33,2,0,2
BRDA:33,2,1,27
BRDA:52,3,0,17
BRDA:52,3,1,2
BRDA:53,4,0,17
BRDA:53,4,1,2
BRDA:57,5,0,14
BRDA:57,5,1,1
BRDA:77,6,0,0
BRDA:77,6,1,4
BRDA:84,7,0,2
BRDA:84,7,1,2
BRDA:93,8,0,5
BRDA:93,8,1,9
BRDA:98,9,0,4
BRDA:98,9,1,7
BRDA:98,10,0,11
BRDA:98,10,1,11
BRDA:98,10,2,8
BRDA:129,11,0,0
BRDA:129,11,1,0
BRDA:129,12,0,0
BRDA:129,12,1,0
BRDA:138,13,0,0
BRDA:138,13,1,0
BRDA:138,14,0,0
BRDA:138,14,1,0
BRDA:138,14,2,0
BRDA:168,15,0,0
BRDA:168,15,1,0
BRDA:173,16,0,0
BRDA:173,16,1,0
BRDA:173,17,0,0
BRDA:173,17,1,0
BRDA:179,18,0,0
BRDA:179,18,1,0
BRDA:179,19,0,0
BRDA:179,19,1,0
BRDA:183,20,0,0
BRDA:183,20,1,0
BRDA:186,21,0,0
BRDA:186,21,1,0
BRDA:188,22,0,0
BRDA:188,22,1,0
BRDA:188,23,0,0
BRDA:188,23,1,0
BRDA:192,24,0,0
BRDA:192,24,1,0
BRDA:196,25,0,0
BRDA:196,25,1,0
BRDA:196,26,0,0
BRDA:196,26,1,0
BRDA:200,27,0,0
BRDA:200,27,1,0
BRDA:224,28,0,6
BRDA:224,28,1,2
BRDA:225,29,0,8
BRDA:225,29,1,4
BRDA:231,30,0,5
BRDA:231,30,1,2
BRDA:232,31,0,7
BRDA:232,31,1,3
BRDA:263,32,0,0
BRDA:263,32,1,0
BRDA:268,33,0,0
BRDA:268,33,1,0
BRDA:280,34,0,0
BRDA:280,34,1,0
BRDA:290,35,0,0
BRDA:290,35,1,1
BRF:74
BRH:31
end_of_record
TN:
SF:docs/demo/app-config.js
FN:1,(anonymous_0)
FN:6,isGithubPagesHost
FN:10,isLocalLikeHost
FN:17,defaultRelayBaseUrl
FN:29,buildEndpoint
FN:37,readStoredConfig
FN:46,readQueryConfig
FN:60,loadConfig
FN:82,saveConfig
FN:103,publishHeaders
FN:115,getSiteConfig
FNF:11
FNH:11
FNDA:21,(anonymous_0)
FNDA:10,isGithubPagesHost
FNDA:7,isLocalLikeHost
FNDA:4,defaultRelayBaseUrl
FNDA:34,buildEndpoint
FNDA:7,readStoredConfig
FNDA:7,readQueryConfig
FNDA:7,loadConfig
FNDA:11,saveConfig
FNDA:5,publishHeaders
FNDA:3,getSiteConfig
DA:1,21
DA:2,21
DA:3,21
DA:4,21
DA:7,10
DA:11,7
DA:18,4
DA:19,0
DA:22,4
DA:23,0
DA:26,4
DA:30,34
DA:31,8
DA:34,26
DA:38,7
DA:39,7
DA:40,7
DA:42,1
DA:47,7
DA:48,7
DA:61,7
DA:62,7
DA:63,7
DA:64,7
DA:65,7
DA:67,7
DA:83,11
DA:94,11
DA:96,11
DA:97,1
DA:99,10
DA:104,5
DA:108,5
DA:109,1
DA:112,5
DA:116,3
DA:126,21
LF:37
LH:35
BRDA:4,0,0,21
BRDA:4,0,1,20
BRDA:11,1,0,7
BRDA:11,1,1,6
BRDA:11,1,2,5
BRDA:11,1,3,4
BRDA:18,2,0,0
BRDA:18,2,1,4
BRDA:22,3,0,0
BRDA:22,3,1,4
BRDA:30,4,0,8
BRDA:30,4,1,26
BRDA:40,5,0,5
BRDA:40,5,1,2
BRDA:49,6,0,7
BRDA:49,6,1,7
BRDA:50,7,0,7
BRDA:50,7,1,7
BRDA:51,8,0,7
BRDA:51,8,1,7
BRDA:52,9,0,7
BRDA:52,9,1,7
BRDA:53,10,0,7
BRDA:53,10,1,7
BRDA:54,11,0,7
BRDA:54,11,1,7
BRDA:55,12,0,7
BRDA:55,12,1,7
BRDA:56,13,0,7
BRDA:56,13,1,7
BRDA:63,14,0,7
BRDA:63,14,1,7
BRDA:63,14,2,4
BRDA:64,15,0,7
BRDA:64,15,1,7
BRDA:64,15,2,4
BRDA:65,16,0,7
BRDA:65,16,1,7
BRDA:65,16,2,3
BRDA:65,17,0,3
BRDA:65,17,1,0
BRDA:68,18,0,7
BRDA:68,18,1,7
BRDA:68,18,2,3
BRDA:69,19,0,7
BRDA:69,19,1,7
BRDA:69,19,2,7
BRDA:70,20,0,7
BRDA:70,20,1,7
BRDA:70,20,2,7
BRDA:71,21,0,7
BRDA:71,21,1,7
BRDA:71,21,2,3
BRDA:72,22,0,7
BRDA:72,22,1,7
BRDA:72,22,2,7
BRDA:78,23,0,7
BRDA:78,23,1,6
BRDA:84,24,0,11
BRDA:84,24,1,9
BRDA:85,25,0,11
BRDA:85,25,1,10
BRDA:86,26,0,11
BRDA:86,26,1,10
BRDA:87,27,0,11
BRDA:87,27,1,10
BRDA:88,28,0,11
BRDA:88,28,1,11
BRDA:89,29,0,11
BRDA:89,29,1,6
BRDA:90,30,0,11
BRDA:90,30,1,11
BRDA:90,31,0,11
BRDA:90,31,1,6
BRDA:91,32,0,11
BRDA:91,32,1,11
BRDA:96,33,0,1
BRDA:96,33,1,10
BRDA:108,34,0,1
BRDA:108,34,1,4
BRDA:117,35,0,3
BRDA:117,35,1,2
BRDA:118,36,0,3
BRDA:118,36,1,2
BRDA:119,37,0,3
BRDA:119,37,1,2
BRDA:120,38,0,3
BRDA:120,38,1,2
BRDA:121,39,0,3
BRDA:121,39,1,2
BRDA:122,40,0,3
BRDA:122,40,1,2
BRF:92
BRH:89
end_of_record
TN:
SF:docs/demo/provider-adapters.js
FN:1,(anonymous_0)
FN:17,listProviders
FN:21,getProviderDefinition
FN:22,(anonymous_3)
FN:25,createProviderSession
FN:35,createWebSpeechSession
FN:45,(anonymous_6)
FN:52,(anonymous_7)
FN:59,(anonymous_8)
FN:63,(anonymous_9)
FN:65,(anonymous_10)
FN:77,(anonymous_11)
FN:80,(anonymous_12)
FN:83,(anonymous_13)
FN:92,createHttpsJsonSession
FN:108,(anonymous_15)
FN:115,(anonymous_16)
FN:123,(anonymous_17)
FN:126,(anonymous_18)
FN:132,clearPendingRequest
FN:144,scheduleRemoteRequest
FN:148,(anonymous_21)
FN:153,requestRemoteCaption
FN:197,(anonymous_23)
FN:200,(anonymous_24)
FN:204,(anonymous_25)
FN:211,readRemoteResponse
FN:220,extractRemoteCaption
FN:225,(anonymous_28)
FNF:29
FNH:29
FNDA:44,(anonymous_0)
FNDA:7,listProviders
FNDA:4,getProviderDefinition
FNDA:7,(anonymous_3)
FNDA:33,createProviderSession
FNDA:31,createWebSpeechSession
FNDA:2,(anonymous_6)
FNDA:2,(anonymous_7)
FNDA:2,(anonymous_8)
FNDA:17,(anonymous_9)
FNDA:18,(anonymous_10)
FNDA:2,(anonymous_11)
FNDA:2,(anonymous_12)
FNDA:2,(anonymous_13)
FNDA:21,createHttpsJsonSession
FNDA:1,(anonymous_15)
FNDA:1,(anonymous_16)
FNDA:1,(anonymous_17)
FNDA:16,(anonymous_18)
FNDA:19,clearPendingRequest
FNDA:16,scheduleRemoteRequest
FNDA:12,(anonymous_21)
FNDA:12,requestRemoteCaption
FNDA:1,(anonymous_23)
FNDA:1,(anonymous_24)
FNDA:1,(anonymous_25)
FNDA:8,readRemoteResponse
FNDA:7,extractRemoteCaption
FNDA:6,(anonymous_28)
DA:1,44
DA:2,44
DA:4,44
DA:18,7
DA:22,7
DA:26,33
DA:28,33
DA:29,21
DA:32,12
DA:36,31
DA:37,1
DA:40,30
DA:41,30
DA:42,30
DA:43,30
DA:45,30
DA:46,2
DA:52,30
DA:53,2
DA:59,30
DA:60,2
DA:63,30
DA:64,17
DA:65,18
DA:70,17
DA:76,30
DA:78,2
DA:81,2
DA:84,2
DA:85,2
DA:86,2
DA:87,2
DA:93,21
DA:94,1
DA:97,20
DA:98,1
DA:103,19
DA:104,19
DA:105,19
DA:107,19
DA:109,1
DA:116,1
DA:117,1
DA:124,1
DA:127,16
DA:128,16
DA:133,19
DA:134,4
DA:135,4
DA:138,19
DA:139,2
DA:140,2
DA:145,16
DA:146,16
DA:148,16
DA:149,12
DA:154,12
DA:155,12
DA:156,12
DA:158,12
DA:159,12
DA:172,9
DA:173,1
DA:176,8
DA:178,8
DA:179,1
DA:182,7
DA:183,7
DA:189,3
DA:190,1
DA:192,2
DA:196,19
DA:198,1
DA:201,1
DA:202,1
DA:205,1
DA:206,1
DA:212,8
DA:213,8
DA:214,7
DA:217,1
DA:221,7
DA:222,2
DA:225,6
DA:226,5
DA:228,5
DA:229,6
DA:232,5
DA:233,4
DA:236,1
DA:239,44
LF:91
LH:91
BRDA:2,0,0,44
BRDA:2,0,1,4
BRDA:22,1,0,4
BRDA:22,1,1,2
BRDA:26,2,0,33
BRDA:26,2,1,0
BRDA:28,3,0,21
BRDA:28,3,1,12
BRDA:36,4,0,1
BRDA:36,4,1,30
BRDA:43,5,0,30
BRDA:43,5,1,29
BRDA:93,6,0,1
BRDA:93,6,1,20
BRDA:97,7,0,1
BRDA:97,7,1,19
BRDA:133,8,0,4
BRDA:133,8,1,15
BRDA:138,9,0,2
BRDA:138,9,1,17
BRDA:166,10,0,12
BRDA:166,10,1,12
BRDA:172,11,0,1
BRDA:172,11,1,8
BRDA:178,12,0,1
BRDA:178,12,1,7
BRDA:183,13,0,7
BRDA:183,13,1,0
BRDA:189,14,0,1
BRDA:189,14,1,2
BRDA:212,15,0,8
BRDA:212,15,1,0
BRDA:213,16,0,7
BRDA:213,16,1,1
BRDA:221,17,0,2
BRDA:221,17,1,5
BRDA:222,18,0,2
BRDA:222,18,1,1
BRDA:232,19,0,4
BRDA:232,19,1,1
BRDA:232,20,0,5
BRDA:232,20,1,4
BRF:42
BRH:39
end_of_record
